<?xml version="1.0" encoding="utf-8"?><testsuites><testsuite name="pytest" errors="0" failures="0" skipped="0" tests="71" time="0.489" timestamp="2026-07-17T02:39:05.673313+00:00" hostname="agent-env-b532beb8-418a-4207-951d-6457576d5e1f"><testcase classname="tests.test_ora_chat_deep_research.TestClassifyLabels" name="test_parses_valid_json_array" time="0.003" /><testcase classname="tests.test_ora_chat_deep_research.TestClassifyLabels" name="test_strips_code_fences" time="0.002" /><testcase classname="tests.test_ora_chat_deep_research.TestClassifyLabels" name="test_drops_invalid_labels" time="0.001" /><testcase classname="tests.test_ora_chat_deep_research.TestClassifyLabels" name="test_falls_back_to_web_on_error" time="0.001" /><testcase classname="tests.test_ora_chat_deep_research.TestClassifyLabels" name="test_falls_back_to_web_on_unparseable" time="0.001" /><testcase classname="tests.test_ora_chat_deep_research.TestShouldGoDeep" name="test_single_label_does_not_go_deep" time="0.000" /><testcase classname="tests.test_ora_chat_deep_research.TestShouldGoDeep" name="test_two_substantive_labels_goes_deep" time="0.000" /><testcase classname="tests.test_ora_chat_deep_research.TestShouldGoDeep" name="test_explicit_deep_flag_alone_goes_deep" time="0.001" /><testcase classname="tests.test_ora_chat_deep_research.TestShouldGoDeep" name="test_deep_flag_plus_one_substantive_still_goes_deep" time="0.000" /><testcase classname="tests.test_ora_chat_deep_research.TestShouldGoDeep" name="test_empty_labels_do_not_go_deep" time="0.000" /><testcase classname="tests.test_ora_chat_deep_research.TestToolsForLabels" name="test_web_label_maps_to_sonar" time="0.000" /><testcase classname="tests.test_ora_chat_deep_research.TestToolsForLabels" name="test_multiple_labels_produce_multiple_tasks" time="0.000" /><testcase classname="tests.test_ora_chat_deep_research.TestToolsForLabels" name="test_caps_at_max_parallel" time="0.000" /><testcase classname="tests.test_ora_chat_deep_research.TestLabelsToSourceTag" name="test_orders_canonically" time="0.000" /><testcase classname="tests.test_ora_chat_deep_research.TestLabelsToSourceTag" name="test_empty_returns_none" time="0.000" /><testcase classname="tests.test_ora_chat_deep_research.TestLabelsToSourceTag" name="test_preserves_unknown_tags_at_end" time="0.000" /><testcase classname="tests.test_ora_chat_deep_research.TestOrchestrate" name="test_happy_path_fires_multiple_tools_and_synthesizes" time="0.003" /><testcase classname="tests.test_ora_chat_deep_research.TestOrchestrate" name="test_tool_failure_does_not_block_synthesis" time="0.002" /><testcase classname="tests.test_ora_chat_deep_research.TestDowngrade" name="test_downgrades_when_within_margin" time="0.002" /><testcase classname="tests.test_ora_chat_deep_research.TestRouteRegistration" name="test_deep_route_is_registered" time="0.000" /><testcase classname="tests.test_ora_chat_deep_research.TestRouteRegistration" name="test_tool_orchestration_stub_registered" time="0.000" /><testcase classname="tests.test_ora_chat_deep_research.TestClaudeToolsFeatureFlag" name="test_disabled_by_default" time="0.000" /><testcase classname="tests.test_ora_chat_deep_research.TestClaudeToolsFeatureFlag" name="test_enabled_only_when_both_flag_and_key_set" time="0.000" /><testcase classname="tests.test_ora_chat_deep_research.TestClaudeToolsFeatureFlag" name="test_flag_without_key_stays_disabled" time="0.000" /><testcase classname="tests.test_ora_chat.TestClassifyIntent" name="test_research_keywords_pick_sonar" time="0.001" /><testcase classname="tests.test_ora_chat.TestClassifyIntent" name="test_reasoning_keywords_pick_r1" time="0.000" /><testcase classname="tests.test_ora_chat.TestClassifyIntent" name="test_general_default" time="0.000" /><testcase classname="tests.test_ora_chat.TestClassifyIntent" name="test_empty_input_default_general" time="0.000" /><testcase classname="tests.test_ora_chat.TestClassifyIntent" name="test_long_input_promoted_to_reasoning" time="0.000" /><testcase classname="tests.test_ora_chat.TestResolveRoute" name="test_all_routes_resolve" time="0.000" /><testcase classname="tests.test_ora_chat.TestResolveRoute" name="test_temperature_defaults_match_spec" time="0.000" /><testcase classname="tests.test_ora_chat.TestResolveRoute" name="test_env_override_temperature" time="0.000" /><testcase classname="tests.test_ora_chat.TestResolveRoute" name="test_config_snapshot_has_every_route" time="0.000" /><testcase classname="tests.test_ora_chat.TestSlashParser" name="test_known_command_parses" time="0.000" /><testcase classname="tests.test_ora_chat.TestSlashParser" name="test_command_with_args" time="0.000" /><testcase classname="tests.test_ora_chat.TestSlashParser" name="test_unknown_slash_returns_none" time="0.000" /><testcase classname="tests.test_ora_chat.TestSlashParser" name="test_non_slash_returns_none" time="0.000" /><testcase classname="tests.test_ora_chat.TestSlashParser" name="test_case_insensitive_command" time="0.000" /><testcase classname="tests.test_ora_chat.TestSlashParser" name="test_leading_whitespace_tolerated" time="0.000" /><testcase classname="tests.test_ora_chat.TestUntrustedWrapper" name="test_wraps_with_tags" time="0.000" /><testcase classname="tests.test_ora_chat.TestUntrustedWrapper" name="test_neutralizes_smuggled_close_tag" time="0.000" /><testcase classname="tests.test_ora_chat.TestUntrustedWrapper" name="test_neutralizes_smuggled_open_tag" time="0.000" /><testcase classname="tests.test_ora_chat.TestUntrustedWrapper" name="test_source_url_embedded" time="0.000" /><testcase classname="tests.test_ora_chat.TestBuildPrompt" name="test_no_untrusted_content" time="0.000" /><testcase classname="tests.test_ora_chat.TestBuildPrompt" name="test_runtime_context_has_current_year" time="0.000" /><testcase classname="tests.test_ora_chat.TestBuildPrompt" name="test_anti_fabrication_rule_present" time="0.000" /><testcase classname="tests.test_ora_chat.TestBuildPrompt" name="test_untrusted_content_wrapped_in_user_turn" time="0.000" /><testcase classname="tests.test_ora_chat.TestPromptInjectionSurface" name="test_no_call_site_dispatches_from_model_output" time="0.036" /><testcase classname="tests.test_ora_chat.TestPromptInjectionSurface" name="test_injected_close_tag_cannot_escape_wrapper" time="0.000" /><testcase classname="tests.test_ora_chat.TestCostMath" name="test_deepseek_cost" time="0.000" /><testcase classname="tests.test_ora_chat.TestCostMath" name="test_unknown_model_uses_conservative_default" time="0.000" /><testcase classname="tests.test_ora_chat.TestCostMath" name="test_zero_tokens" time="0.000" /><testcase classname="tests.test_ora_chat.TestCostMath" name="test_budget_env_override" time="0.000" /><testcase classname="tests.test_ora_chat.TestCostMath" name="test_alert_threshold_env_override" time="0.000" /><testcase classname="tests.test_ora_chat.TestSlidingWindow" name="test_windowing_under_ceiling_returns_all" time="0.001" /><testcase classname="tests.test_ora_chat.TestSlidingWindow" name="test_windowing_full_transcript_below_ceiling" time="0.000" /><testcase classname="tests.test_ora_chat.TestSlidingWindow" name="test_windowing_over_threshold_no_summary_present" time="0.000" /><testcase classname="tests.test_ora_chat.TestSlidingWindow" name="test_windowing_over_ceiling_triggers_tail" time="0.000" /><testcase classname="tests.test_ora_chat.TestSystemPromptLayering" name="test_default_assembly_starts_with_core_safety" time="0.000" /><testcase classname="tests.test_ora_chat.TestSystemPromptLayering" name="test_default_assembly_includes_aurem_context_after_safety" time="0.000" /><testcase classname="tests.test_ora_chat.TestSystemPromptLayering" name="test_house_rules_appear_below_both_earlier_layers" time="0.000" /><testcase classname="tests.test_ora_chat.TestSystemPromptLayering" name="test_house_rules_wrapped_in_user_preferences_tags" time="0.000" /><testcase classname="tests.test_ora_chat.TestSystemPromptLayering" name="test_default_house_rules_content_matches_spec" time="0.000" /><testcase classname="tests.test_ora_chat.TestSoftWarningDetector" name="test_flags_ignore_safety" time="0.000" /><testcase classname="tests.test_ora_chat.TestSoftWarningDetector" name="test_flags_override_instruction" time="0.000" /><testcase classname="tests.test_ora_chat.TestSoftWarningDetector" name="test_benign_rule_not_flagged" time="0.000" /><testcase classname="tests.test_ora_chat.TestSoftWarningDetector" name="test_empty_input_no_warning" time="0.000" /><testcase classname="tests.test_ora_chat.TestHouseRulesCannotBypassSafety" name="test_core_safety_survives_every_adversarial_rule" time="0.000" /><testcase classname="tests.test_ora_chat.TestHouseRulesCannotBypassSafety" name="test_untrusted_wrapper_still_intact_when_rules_attack_it" time="0.000" /><testcase classname="tests.test_ora_chat.TestHouseRulesCrud" name="test_update_stores_and_returns_version_1_on_first_call" time="0.001" /><testcase classname="tests.test_ora_chat.TestHouseRulesCrud" name="test_update_rejects_over_length" time="0.001" /></testsuite></testsuites>