<?xml version="1.0" encoding="utf-8"?><testsuites><testsuite name="pytest" errors="0" failures="0" skipped="0" tests="9" time="2.812" timestamp="2026-06-26T03:38:01.322436+00:00" hostname="agent-env-b532beb8-418a-4207-951d-6457576d5e1f"><testcase classname="tests.test_iter212m30_pr2_live_http" name="test_offer_status_public_no_auth" time="0.250" /><testcase classname="tests.test_iter212m30_pr2_live_http" name="test_signup_persists_created_at_and_me_surfaces_it" time="0.430" /><testcase classname="tests.test_iter212m30_pr2_live_http" name="test_user_status_for_fresh_user" time="0.127" /><testcase classname="tests.test_iter212m30_pr2_live_http" name="test_claim_with_nonexistent_repo_returns_preview_with_errors" time="0.156" /><testcase classname="tests.test_iter212m30_pr2_live_http" name="test_claim_again_returns_existing_idempotently" time="0.413" /><testcase classname="tests.test_iter212m30_pr2_live_http" name="test_cancel_restores_spot_and_blocks_double_cancel" time="0.583" /><testcase classname="tests.test_iter212m30_pr2_live_http" name="test_confirm_on_unknown_claim_is_404" time="0.108" /><testcase classname="tests.test_iter212m30_pr2_live_http" name="test_repo_index_unknown_project_returns_404" time="0.105" /><testcase classname="tests.test_iter212m30_pr2_live_http" name="test_legacy_user_days_since_signup_is_large" time="0.528" /></testsuite></testsuites>