<?xml version="1.0" encoding="utf-8"?><testsuites><testsuite name="pytest" errors="0" failures="0" skipped="0" tests="6" time="1.116" timestamp="2026-06-29T02:46:18.953033+00:00" hostname="agent-env-b532beb8-418a-4207-951d-6457576d5e1f"><testcase classname="tests.test_iter212m120_vanguard_ci_ingest" name="test_ingest_rejects_without_token" time="0.640" /><testcase classname="tests.test_iter212m120_vanguard_ci_ingest" name="test_ingest_rejects_wrong_token" time="0.015" /><testcase classname="tests.test_iter212m120_vanguard_ci_ingest" name="test_ingest_persists_and_redacts" time="0.012" /><testcase classname="tests.test_iter212m120_vanguard_ci_ingest" name="test_ingest_upserts_same_commit" time="0.024" /><testcase classname="tests.test_iter212m120_vanguard_ci_ingest" name="test_ingest_rejects_unknown_scanner" time="0.047" /><testcase classname="tests.test_iter212m120_vanguard_ci_ingest" name="test_ingest_rejects_missing_fields" time="0.014" /></testsuite></testsuites>