<?xml version="1.0" encoding="utf-8"?><testsuites><testsuite name="pytest" errors="0" failures="0" skipped="1" tests="4" time="2.123" timestamp="2026-06-29T00:15:54.190391+00:00" hostname="agent-env-b532beb8-418a-4207-951d-6457576d5e1f"><testcase classname="tests.test_iter22_live_founder_bypass" name="test_founder_auth_me" time="0.466" /><testcase classname="tests.test_iter22_live_founder_bypass" name="test_founder_scan_no_rate_limit" time="1.471" /><testcase classname="tests.test_iter22_live_founder_bypass" name="test_founder_fix_tokens_charged_zero" time="0.107" /><testcase classname="tests.test_iter22_live_founder_bypass" name="test_non_founder_fix_still_charges_or_402" time="0.000"><skipped type="pytest.skip" message="PREVIEW has no seeded non-founder account — unit test covers leak guard">/app/backend/tests/test_iter22_live_founder_bypass.py:139: PREVIEW has no seeded non-founder account — unit test covers leak guard</skipped></testcase></testsuite></testsuites>