<?xml version="1.0" encoding="utf-8"?><testsuites><testsuite name="pytest" errors="0" failures="0" skipped="0" tests="5" time="1.209" timestamp="2026-06-29T02:46:58.418736+00:00" hostname="agent-env-b532beb8-418a-4207-951d-6457576d5e1f"><testcase classname="tests.test_iter212m120_vanguard_ci_live_http" name="test_live_post_no_auth_returns_503_or_401" time="0.246" /><testcase classname="tests.test_iter212m120_vanguard_ci_live_http" name="test_live_post_with_wrong_bearer_still_503_when_token_unset" time="0.107" /><testcase classname="tests.test_iter212m120_vanguard_ci_live_http" name="test_live_get_requires_jwt" time="0.143" /><testcase classname="tests.test_iter212m120_vanguard_ci_live_http" name="test_live_get_with_invalid_jwt_rejected" time="0.112" /><testcase classname="tests.test_iter212m120_vanguard_ci_live_http" name="test_live_get_with_valid_jwt_returns_runs_list" time="0.522" /></testsuite></testsuites>