<?xml version="1.0" encoding="utf-8"?><testsuites><testsuite name="pytest" errors="0" failures="0" skipped="1" tests="9" time="31.953" timestamp="2026-06-25T02:41:52.498539+00:00" hostname="agent-env-b532beb8-418a-4207-951d-6457576d5e1f"><testcase classname="tests.test_iter212m24_e2e_house_rules" name="test_get_house_rules_requires_auth" time="0.757" /><testcase classname="tests.test_iter212m24_e2e_house_rules" name="test_put_house_rules_requires_auth" time="0.141" /><testcase classname="tests.test_iter212m24_e2e_house_rules" name="test_get_house_rules_rejects_non_admin" time="0.128"><skipped type="pytest.skip" message="qa-prod login unavailable on preview">/app/backend/tests/test_iter212m24_e2e_house_rules.py:84: qa-prod login unavailable on preview</skipped></testcase><testcase classname="tests.test_iter212m24_e2e_house_rules" name="test_default_state_off_and_empty" time="0.138" /><testcase classname="tests.test_iter212m24_e2e_house_rules" name="test_put_then_get_round_trip" time="0.209" /><testcase classname="tests.test_iter212m24_e2e_house_rules" name="test_swift_mode_sees_house_rule_when_enabled" time="5.018" /><testcase classname="tests.test_iter212m24_e2e_house_rules" name="test_pro_mode_does_not_see_house_rule_when_pro_toggle_off" time="3.141" /><testcase classname="tests.test_iter212m24_e2e_house_rules" name="test_advisor_scoping_isolated_from_chat" time="9.934" /><testcase classname="tests.test_iter212m24_e2e_house_rules" name="test_advisor_only_when_advisor_toggle_on" time="12.402" /></testsuite></testsuites>