<?xml version="1.0" encoding="utf-8"?><testsuites><testsuite name="pytest" errors="0" failures="2" skipped="0" tests="12" time="237.341" timestamp="2026-06-25T01:57:19.272173+00:00" hostname="agent-env-b532beb8-418a-4207-951d-6457576d5e1f"><testcase classname="backend.tests.test_iter212m_prod_e2e_founder.TestProdAuthAndDiscovery" name="test_health" time="0.287" /><testcase classname="backend.tests.test_iter212m_prod_e2e_founder.TestProdAuthAndDiscovery" name="test_login_founder" time="0.638" /><testcase classname="backend.tests.test_iter212m_prod_e2e_founder.TestProdAuthAndDiscovery" name="test_dogfood_project_exists" time="0.156" /><testcase classname="backend.tests.test_iter212m_prod_e2e_founder.TestSwiftChatBasic" name="test_basic_reply_on_dogfood" time="70.794" /><testcase classname="backend.tests.test_iter212m_prod_e2e_founder.TestAskAdvisorOra" name="test_ora_architecture_question" time="9.588"><failure message="AssertionError: R5 regression — short non-question reply (106 chars): 'Let me explore the project structure and read the key files to give you an accurate architecture overview.'&#10;assert (106 &gt; 200 or False)&#10; +  where 106 = len('Let me explore the project structure and read the key files to give you an accurate architecture overview.')">backend/tests/test_iter212m_prod_e2e_founder.py:233: in test_ora_architecture_question
    assert len(content) &gt; 200 or is_question, \
E   AssertionError: R5 regression — short non-question reply (106 chars): 'Let me explore the project structure and read the key files to give you an accurate architecture overview.'
E   assert (106 &gt; 200 or False)
E    +  where 106 = len('Let me explore the project structure and read the key files to give you an accurate architecture overview.')</failure></testcase><testcase classname="backend.tests.test_iter212m_prod_e2e_founder.TestOrchestratorTools" name="test_tool_read_repo_files" time="18.552" /><testcase classname="backend.tests.test_iter212m_prod_e2e_founder.TestOrchestratorTools" name="test_tool_search_repo" time="85.117" /><testcase classname="backend.tests.test_iter212m_prod_e2e_founder.TestOrchestratorTools" name="test_tool_list_repo_files" time="15.802" /><testcase classname="backend.tests.test_iter212m_prod_e2e_founder.TestOrchestratorTools" name="test_tool_web_search" time="22.022" /><testcase classname="backend.tests.test_iter212m_prod_e2e_founder.TestOrchestratorTools" name="test_tool_fetch_url" time="12.807"><failure message="AssertionError: fetch_url tool did not fire. steps=['#x1F914 Thinking…', '#x1F914 Thinking…', '✅ Done']&#10;assert False">backend/tests/test_iter212m_prod_e2e_founder.py:320: in test_tool_fetch_url
    assert fired, f"fetch_url tool did not fire. steps={[s.get('text') for s in res['steps']]}"
E   AssertionError: fetch_url tool did not fire. steps=['#x1F914 Thinking…', '#x1F914 Thinking…', '✅ Done']
E   assert False</failure></testcase><testcase classname="backend.tests.test_iter212m_prod_e2e_founder.TestPayments" name="test_starter_annual_checkout_url" time="1.218" /><testcase classname="backend.tests.test_iter212m_prod_e2e_founder.TestAdminAlerts" name="test_alerts_endpoint" time="0.212" /></testsuite></testsuites>