<?xml version="1.0" encoding="utf-8"?><testsuites><testsuite name="pytest" errors="0" failures="0" skipped="0" tests="26" time="7.644" timestamp="2026-06-25T02:40:54.881777+00:00" hostname="agent-env-b532beb8-418a-4207-951d-6457576d5e1f"><testcase classname="tests.test_iter212m24_house_rules" name="test_service_exports_full_api" time="0.314" /><testcase classname="tests.test_iter212m24_house_rules" name="test_format_house_rules_block_has_highest_priority_header" time="0.000" /><testcase classname="tests.test_iter212m24_house_rules" name="test_get_active_house_rules_off_when_no_db" time="0.001" /><testcase classname="tests.test_iter212m24_house_rules" name="test_get_active_house_rules_respects_toggles" time="0.001" /><testcase classname="tests.test_iter212m24_house_rules" name="test_get_active_house_rules_unknown_target_returns_empty" time="0.000" /><testcase classname="tests.test_iter212m24_house_rules" name="test_empty_prompt_short_circuits" time="0.000" /><testcase classname="tests.test_iter212m24_house_rules" name="test_admin_router_has_house_rules_routes" time="0.001" /><testcase classname="tests.test_iter212m24_house_rules" name="test_admin_router_uses_pydantic_payload" time="0.001" /><testcase classname="tests.test_iter212m24_house_rules" name="test_chat_send_injects_house_rules_at_top" time="0.001" /><testcase classname="tests.test_iter212m24_house_rules" name="test_chat_stream_injects_house_rules_for_main_and_advisor" time="0.001" /><testcase classname="tests.test_iter212m24_house_rules" name="test_house_rules_block_uses_prepend_not_append" time="0.001" /><testcase classname="tests.test_iter212m23_url_tool_real_fix" name="test_chat_py_does_not_import_build_url_context" time="0.001" /><testcase classname="tests.test_iter212m23_url_tool_real_fix" name="test_chat_py_does_not_join_url_ctx_into_extra_sys_via_eager_fetch" time="0.001" /><testcase classname="tests.test_iter212m23_url_tool_real_fix" name="test_orchestrator_has_forced_url_pre_fetch_block" time="0.001" /><testcase classname="tests.test_iter212m23_url_tool_real_fix" name="test_orchestrator_caps_forced_urls_at_three" time="0.001" /><testcase classname="tests.test_iter212m23_url_tool_real_fix" name="test_orchestrator_pre_fetch_runs_before_main_loop" time="0.001" /><testcase classname="tests.test_iter212m23_url_tool_real_fix" name="test_step_label_for_fetch_url_is_present" time="0.001" /><testcase classname="tests.test_iter212m23_url_tool_real_fix" name="test_url_fetcher_still_exports_extract_urls" time="0.069" /><testcase classname="tests.test_iter212m23_url_tool_real_fix" name="test_url_fetcher_extract_urls_dedup_and_cap" time="0.000" /><testcase classname="tests.test_iter212m23_url_tool_real_fix" name="test_forced_entry_has_standard_invocation_shape" time="0.001" /><testcase classname="tests.test_iter157_cold_start_fixes" name="test_degraded_repo_context_still_triggers_repo_persona" time="0.005" /><testcase classname="tests.test_iter157_cold_start_fixes" name="test_no_project_no_repo_layer" time="0.000" /><testcase classname="tests.test_iter157_cold_start_fixes" name="test_llm_http_timeout_capped_under_60s" time="0.001" /><testcase classname="tests.test_iter157_cold_start_fixes" name="test_orchestrator_has_per_turn_budget_guard" time="0.001" /><testcase classname="tests.test_iter157_cold_start_fixes" name="test_chat_context_builders_parallelised_and_bounded" time="0.001" /><testcase classname="tests.test_iter157_cold_start_fixes" name="test_chat_send_returns_under_per_turn_budget" time="7.186" /></testsuite></testsuites>