<?xml version="1.0" encoding="utf-8"?><testsuites><testsuite name="pytest" errors="0" failures="0" skipped="0" tests="22" time="0.580" timestamp="2026-06-26T03:37:10.555128+00:00" hostname="agent-env-b532beb8-418a-4207-951d-6457576d5e1f"><testcase classname="tests.test_iter212m30_pr2_founder_indexing" name="test_analyse_tree_dominant_language_picks_most_common" time="0.378" /><testcase classname="tests.test_iter212m30_pr2_founder_indexing" name="test_analyse_tree_detects_known_entry_points" time="0.000" /><testcase classname="tests.test_iter212m30_pr2_founder_indexing" name="test_analyse_tree_finds_service_folders_and_tests" time="0.000" /><testcase classname="tests.test_iter212m30_pr2_founder_indexing" name="test_analyse_tree_picks_root_dep_files_and_nested_ones" time="0.000" /><testcase classname="tests.test_iter212m30_pr2_founder_indexing" name="test_analyse_tree_no_files_returns_unknown_lang" time="0.000" /><testcase classname="tests.test_iter212m30_pr2_founder_indexing" name="test_render_codebase_md_idempotent_layout" time="0.000" /><testcase classname="tests.test_iter212m30_pr2_founder_indexing" name="test_build_repo_index_bails_when_project_missing" time="0.004" /><testcase classname="tests.test_iter212m30_pr2_founder_indexing" name="test_build_repo_index_happy_path_no_commit" time="0.003" /><testcase classname="tests.test_iter212m30_pr2_founder_indexing" name="test_build_repo_index_commits_when_commit_true" time="0.003" /><testcase classname="tests.test_iter212m30_pr2_founder_indexing" name="test_offer_status_returns_remaining" time="0.136" /><testcase classname="tests.test_iter212m30_pr2_founder_indexing" name="test_claim_decrements_atomic_and_returns_preview" time="0.002" /><testcase classname="tests.test_iter212m30_pr2_founder_indexing" name="test_per_user_cap_enforced_at_three" time="0.002" /><testcase classname="tests.test_iter212m30_pr2_founder_indexing" name="test_claim_sold_out_when_counter_hits_total" time="0.001" /><testcase classname="tests.test_iter212m30_pr2_founder_indexing" name="test_cancel_restores_spot_only_when_preview" time="0.001" /><testcase classname="tests.test_iter212m30_pr2_founder_indexing" name="test_confirm_flips_status_and_kicks_runner" time="0.001" /><testcase classname="tests.test_iter212m30_pr2_founder_indexing" name="test_user_status_reports_zero_for_new_user" time="0.001" /><testcase classname="tests.test_iter212m30_pr2_founder_indexing" name="test_user_status_handles_legacy_epoch_seconds_created_at" time="0.001" /><testcase classname="tests.test_iter212m30_pr2_founder_indexing" name="test_user_status_returns_null_for_missing_created_at" time="0.001" /><testcase classname="tests.test_iter212m30_pr2_founder_indexing" name="test_main_wires_both_routers" time="0.000" /><testcase classname="tests.test_iter212m30_pr2_founder_indexing" name="test_repo_indexing_router_uses_correct_path" time="0.000" /><testcase classname="tests.test_iter212m30_pr2_founder_indexing" name="test_signup_persists_created_at" time="0.000" /><testcase classname="tests.test_iter212m30_pr2_founder_indexing" name="test_chat_panel_mounts_founder_card_and_tint" time="0.000" /></testsuite></testsuites>