<?xml version="1.0" encoding="utf-8"?><testsuites><testsuite name="pytest" errors="0" failures="0" skipped="0" tests="23" time="0.436" timestamp="2026-06-29T00:41:57.004953+00:00" hostname="agent-env-b532beb8-418a-4207-951d-6457576d5e1f"><testcase classname="tests.test_iter212m111_night_mode_focus_manual_ship" name="test_topbar_theme_toggle_removed" time="0.000" /><testcase classname="tests.test_iter212m111_night_mode_focus_manual_ship" name="test_dashboard_hardcodes_dark_theme" time="0.000" /><testcase classname="tests.test_iter212m111_night_mode_focus_manual_ship" name="test_chat_focus_event_dispatched_from_composer" time="0.001" /><testcase classname="tests.test_iter212m111_night_mode_focus_manual_ship" name="test_topbar_listens_for_chat_focus_to_hide" time="0.000" /><testcase classname="tests.test_iter212m111_night_mode_focus_manual_ship" name="test_dashboard_auto_collapses_advisor_on_chat_active" time="0.000" /><testcase classname="tests.test_iter212m111_night_mode_focus_manual_ship" name="test_loop_engine_has_manual_ship_pause_and_confirm" time="0.000" /><testcase classname="tests.test_iter212m111_night_mode_focus_manual_ship" name="test_loop_confirm_ship_endpoint_registered" time="0.000" /><testcase classname="tests.test_iter212m111_night_mode_focus_manual_ship" name="test_confirm_ship_approved_runs_commit_and_emits_completed" time="0.081" /><testcase classname="tests.test_iter212m111_night_mode_focus_manual_ship" name="test_confirm_ship_rejected_aborts_no_commit" time="0.001" /><testcase classname="tests.test_iter212m111_night_mode_focus_manual_ship" name="test_ship_pending_card_component_exists" time="0.000" /><testcase classname="tests.test_iter212m111_night_mode_focus_manual_ship" name="test_chat_panel_renders_ship_pending_card_on_awaiting_ship" time="0.001" /><testcase classname="tests.test_iter212m111_night_mode_focus_manual_ship" name="test_loop_api_exposes_confirm_ship_helper" time="0.000" /><testcase classname="tests.test_iter212m109_loop_execute_and_history" name="test_loop_execute_generates_real_file_content_via_llm" time="0.000" /><testcase classname="tests.test_iter212m109_loop_execute_and_history" name="test_loop_execute_helper_module_exists" time="0.000" /><testcase classname="tests.test_iter212m109_loop_execute_and_history" name="test_loop_ship_has_attempt_and_result_logs" time="0.000" /><testcase classname="tests.test_iter212m109_loop_execute_and_history" name="test_chat_history_returns_last_100_not_20" time="0.001" /><testcase classname="tests.test_iter212m109_loop_execute_and_history" name="test_console_error_badge_requires_confirmation" time="0.001" /><testcase classname="tests.test_iter212m109_loop_execute_and_history" name="test_send_button_is_type_button_with_explicit_handlers" time="0.001" /><testcase classname="tests.test_iter212m110_founder_bypass_and_graph" name="test_sidebar_graph_dispatches_drawer_event_not_navigate" time="0.000" /><testcase classname="tests.test_iter212m110_founder_bypass_and_graph" name="test_sidebar_graph_visible_to_all_users" time="0.000" /><testcase classname="tests.test_iter212m110_founder_bypass_and_graph" name="test_scan_route_treats_founder_as_admin" time="0.000" /><testcase classname="tests.test_iter212m110_founder_bypass_and_graph" name="test_fix_route_skips_token_deduction_for_founder" time="0.290" /><testcase classname="tests.test_iter212m110_founder_bypass_and_graph" name="test_fix_route_still_charges_non_founder" time="0.001" /></testsuite></testsuites>