<?xml version="1.0" encoding="utf-8"?><testsuites><testsuite name="pytest" errors="0" failures="0" skipped="0" tests="10" time="20.491" timestamp="2026-06-30T22:58:08.316606+00:00" hostname="agent-env-b532beb8-418a-4207-951d-6457576d5e1f"><testcase classname="backend.tests.test_iter212m163_aggression_chat" name="test_block_2_1_casual_hi" time="1.792" /><testcase classname="backend.tests.test_iter212m163_aggression_chat" name="test_block_2_2_query_files" time="8.755" /><testcase classname="backend.tests.test_iter212m163_aggression_chat" name="test_block_2_3_agentic_loop_off" time="0.454" /><testcase classname="backend.tests.test_iter212m163_aggression_chat" name="test_block_7_7_tool_router_filter" time="9.395" /><testcase classname="backend.tests.test_iter212m163_aggression_chat" name="test_block_6_3_cascade_source_exists" time="0.002" /><testcase classname="backend.tests.test_iter212m163_aggression_chat" name="test_block_8_1_ceo_rescue_source" time="0.000" /><testcase classname="backend.tests.test_iter212m163_aggression_chat" name="test_block_8_2_circuit_breaker_source" time="0.001" /><testcase classname="backend.tests.test_iter212m163_aggression_chat" name="test_block_8_3_empty_bubble_guard" time="0.002" /><testcase classname="backend.tests.test_iter212m163_aggression_chat" name="test_block_1_3_intent_tier_always_mounted" time="0.001" /><testcase classname="backend.tests.test_iter212m163_aggression_chat" name="test_longcat_live_false_council_a_uses_glm" time="0.001" /></testsuite></testsuites>