<?xml version="1.0" encoding="utf-8"?><testsuites><testsuite name="pytest" errors="0" failures="0" skipped="0" tests="17" time="3.070" timestamp="2026-07-09T06:02:28.336814+00:00" hostname="agent-env-b532beb8-418a-4207-951d-6457576d5e1f"><testcase classname="tests.test_iter212m190_scan_fix_quota.TestAuthRegression" name="test_login_case_insensitive" time="0.437" /><testcase classname="tests.test_iter212m190_scan_fix_quota.TestAuthRegression" name="test_robot_guide_public" time="0.107" /><testcase classname="tests.test_iter212m190_scan_fix_quota.TestFixQuotaEndpoint" name="test_tier_snapshot[free-expected_tools0-False]" time="0.444" /><testcase classname="tests.test_iter212m190_scan_fix_quota.TestFixQuotaEndpoint" name="test_tier_snapshot[starter-expected_tools1-False]" time="0.114" /><testcase classname="tests.test_iter212m190_scan_fix_quota.TestFixQuotaEndpoint" name="test_tier_snapshot[pro-expected_tools2-False]" time="0.105" /><testcase classname="tests.test_iter212m190_scan_fix_quota.TestFixQuotaEndpoint" name="test_tier_snapshot[team-expected_tools3-True]" time="0.107" /><testcase classname="tests.test_iter212m190_scan_fix_quota.TestFixQuotaEndpoint" name="test_founder_snapshot" time="0.442" /><testcase classname="tests.test_iter212m190_scan_fix_quota.TestFixQuotaEndpoint" name="test_usage_rollup_includes_scan_fix_usage" time="0.141" /><testcase classname="tests.test_iter212m190_scan_fix_quota.TestBulkGate" name="test_free_health_scan_403" time="0.105" /><testcase classname="tests.test_iter212m190_scan_fix_quota.TestBulkGate" name="test_starter_health_scan_403" time="0.119" /><testcase classname="tests.test_iter212m190_scan_fix_quota.TestBulkGate" name="test_starter_vanguard_passes_gate" time="0.125" /><testcase classname="tests.test_iter212m190_scan_fix_quota.TestBulkGate" name="test_starter_bulk_two_findings_403" time="0.105" /><testcase classname="tests.test_iter212m190_scan_fix_quota.TestBulkGate" name="test_team_insufficient_tasks_402" time="0.107" /><testcase classname="tests.test_iter212m190_scan_fix_quota.TestBulkGate" name="test_unknown_tool_falls_back_to_health_scan" time="0.103" /><testcase classname="tests.test_iter212m190_scan_fix_quota.TestPreview" name="test_team_insufficient_tasks" time="0.109" /><testcase classname="tests.test_iter212m190_scan_fix_quota.TestPreview" name="test_founder_preview" time="0.113" /><testcase classname="tests.test_iter212m190_scan_fix_quota.TestPreview" name="test_bulk_cap_regression" time="0.112" /></testsuite></testsuites>