<?xml version="1.0" encoding="utf-8"?><testsuites><testsuite name="pytest" errors="0" failures="0" skipped="0" tests="20" time="40.148" timestamp="2026-06-25T02:24:39.933104+00:00" hostname="agent-env-b532beb8-418a-4207-951d-6457576d5e1f"><testcase classname="tests.test_iter212m23_url_tool_real_fix" name="test_chat_py_does_not_import_build_url_context" time="0.002" /><testcase classname="tests.test_iter212m23_url_tool_real_fix" name="test_chat_py_does_not_join_url_ctx_into_extra_sys_via_eager_fetch" time="0.001" /><testcase classname="tests.test_iter212m23_url_tool_real_fix" name="test_orchestrator_has_forced_url_pre_fetch_block" time="0.001" /><testcase classname="tests.test_iter212m23_url_tool_real_fix" name="test_orchestrator_caps_forced_urls_at_three" time="0.001" /><testcase classname="tests.test_iter212m23_url_tool_real_fix" name="test_orchestrator_pre_fetch_runs_before_main_loop" time="0.001" /><testcase classname="tests.test_iter212m23_url_tool_real_fix" name="test_step_label_for_fetch_url_is_present" time="0.001" /><testcase classname="tests.test_iter212m23_url_tool_real_fix" name="test_url_fetcher_still_exports_extract_urls" time="0.068" /><testcase classname="tests.test_iter212m23_url_tool_real_fix" name="test_url_fetcher_extract_urls_dedup_and_cap" time="0.000" /><testcase classname="tests.test_iter212m23_url_tool_real_fix" name="test_forced_entry_has_standard_invocation_shape" time="0.001" /><testcase classname="tests.test_iter157_cold_start_fixes" name="test_degraded_repo_context_still_triggers_repo_persona" time="0.259" /><testcase classname="tests.test_iter157_cold_start_fixes" name="test_no_project_no_repo_layer" time="0.000" /><testcase classname="tests.test_iter157_cold_start_fixes" name="test_llm_http_timeout_capped_under_60s" time="0.001" /><testcase classname="tests.test_iter157_cold_start_fixes" name="test_orchestrator_has_per_turn_budget_guard" time="0.001" /><testcase classname="tests.test_iter157_cold_start_fixes" name="test_chat_context_builders_parallelised_and_bounded" time="0.001" /><testcase classname="tests.test_iter157_cold_start_fixes" name="test_chat_send_returns_under_per_turn_budget" time="3.974" /><testcase classname="tests.test_iter212m23_e2e_url_tool_real_fix.TestURLPromptDispatchesFetchURL" name="test_url_prompt_invokes_fetch_url_with_forced_marker" time="18.328" /><testcase classname="tests.test_iter212m23_e2e_url_tool_real_fix.TestNonURLPromptDoesNotForceFetch" name="test_plain_hello_does_not_invoke_fetch_url" time="1.833" /><testcase classname="tests.test_iter212m23_e2e_url_tool_real_fix.TestNonURLPromptDoesNotForceFetch" name="test_repo_files_prompt_without_project_does_not_force_fetch_url" time="15.571" /><testcase classname="tests.test_iter212m23_e2e_url_tool_real_fix.TestSourceCodeRemovalOfEagerScraper" name="test_build_url_context_only_in_comments" time="0.001" /><testcase classname="tests.test_iter212m23_e2e_url_tool_real_fix.TestSourceCodeRemovalOfEagerScraper" name="test_no_eager_import_of_build_url_context" time="0.003" /></testsuite></testsuites>