<?xml version="1.0" encoding="utf-8"?><testsuites><testsuite name="pytest" errors="0" failures="0" skipped="0" tests="11" time="2.229" timestamp="2026-06-24T00:46:31.458477+00:00" hostname="agent-env-b532beb8-418a-4207-951d-6457576d5e1f"><testcase classname="tests.test_iter212m9_deploy_http" name="test_config_get_requires_auth" time="0.291" /><testcase classname="tests.test_iter212m9_deploy_http" name="test_config_for_project_requires_auth" time="0.167" /><testcase classname="tests.test_iter212m9_deploy_http" name="test_runs_requires_auth" time="0.111" /><testcase classname="tests.test_iter212m9_deploy_http" name="test_runs_logs_requires_auth" time="0.123" /><testcase classname="tests.test_iter212m9_deploy_http" name="test_config_returns_configured_flag" time="0.452" /><testcase classname="tests.test_iter212m9_deploy_http" name="test_config_for_project_hybrid_contract" time="0.145" /><testcase classname="tests.test_iter212m9_deploy_http" name="test_runs_returns_runs_and_project_id_null" time="0.115" /><testcase classname="tests.test_iter212m9_deploy_http" name="test_runs_filters_by_project_id" time="0.131" /><testcase classname="tests.test_iter212m9_deploy_http" name="test_runs_clamps_limit" time="0.100" /><testcase classname="tests.test_iter212m9_deploy_http" name="test_runs_logs_returns_404_for_unknown_run" time="0.114" /><testcase classname="tests.test_iter212m9_deploy_http" name="test_run_400_when_not_configured" time="0.302" /></testsuite></testsuites>