<?xml version="1.0" encoding="utf-8"?><testsuites><testsuite name="pytest" errors="0" failures="0" skipped="0" tests="4" time="0.995" timestamp="2026-07-29T00:14:52.990786+00:00" hostname="agent-env-b532beb8-418a-4207-951d-6457576d5e1f"><testcase classname="tests.test_iter340_regression" name="test_health" time="0.191" /><testcase classname="tests.test_iter340_regression" name="test_auth_me_no_sensitive_keys" time="0.486" /><testcase classname="tests.test_iter340_regression" name="test_chat_history_8_turns" time="0.113" /><testcase classname="tests.test_iter340_regression" name="test_loop_start_accepts_session_id_schema" time="0.113" /></testsuite></testsuites>