<?xml version="1.0" encoding="utf-8"?><testsuites><testsuite name="pytest" errors="0" failures="0" skipped="0" tests="5" time="1.094" timestamp="2026-07-02T22:36:55.411118+00:00" hostname="agent-env-b532beb8-418a-4207-951d-6457576d5e1f"><testcase classname="tests.test_iter212m179_api_cap" name="test_preview_caps_at_20_when_over" time="0.569" /><testcase classname="tests.test_iter212m179_api_cap" name="test_preview_under_cap_returns_normal" time="0.117" /><testcase classname="tests.test_iter212m179_api_cap" name="test_bulk_over_cap_returns_400" time="0.101" /><testcase classname="tests.test_iter212m179_api_cap" name="test_bulk_under_cap_passes_cap_check" time="0.128" /><testcase classname="tests.test_iter212m179_api_cap" name="test_summary_nonexistent_returns_404" time="0.099" /></testsuite></testsuites>