<?xml version="1.0" encoding="utf-8"?><testsuites><testsuite name="pytest" errors="0" failures="0" skipped="0" tests="2" time="2.296" timestamp="2026-07-29T02:42:06.585605+00:00" hostname="agent-env-b532beb8-418a-4207-951d-6457576d5e1f"><testcase classname="tests.test_iter339k_null_turn_prompt_mode" name="test_trivial_prompt_survives_null_turns" time="1.902" /><testcase classname="tests.test_iter339k_null_turn_prompt_mode" name="test_history_endpoint_strips_null_turns" time="0.268" /></testsuite></testsuites>