<?xml version="1.0" encoding="utf-8"?><testsuites><testsuite name="pytest" errors="0" failures="0" skipped="0" tests="51" time="2.621" timestamp="2026-06-29T01:32:42.658375+00:00" hostname="agent-env-b532beb8-418a-4207-951d-6457576d5e1f"><testcase classname="tests.test_iter212m109_loop_execute_and_history" name="test_loop_execute_generates_real_file_content_via_llm" time="0.001" /><testcase classname="tests.test_iter212m109_loop_execute_and_history" name="test_loop_execute_helper_module_exists" time="0.000" /><testcase classname="tests.test_iter212m109_loop_execute_and_history" name="test_loop_ship_has_attempt_and_result_logs" time="0.000" /><testcase classname="tests.test_iter212m109_loop_execute_and_history" name="test_chat_history_returns_last_100_not_20" time="0.001" /><testcase classname="tests.test_iter212m109_loop_execute_and_history" name="test_console_error_badge_requires_confirmation" time="0.001" /><testcase classname="tests.test_iter212m109_loop_execute_and_history" name="test_send_button_is_type_button_with_explicit_handlers" time="0.001" /><testcase classname="tests.test_iter212m110_founder_bypass_and_graph" name="test_sidebar_graph_dispatches_drawer_event_not_navigate" time="0.000" /><testcase classname="tests.test_iter212m110_founder_bypass_and_graph" name="test_sidebar_graph_visible_to_all_users" time="0.000" /><testcase classname="tests.test_iter212m110_founder_bypass_and_graph" name="test_scan_route_treats_founder_as_admin" time="0.000" /><testcase classname="tests.test_iter212m110_founder_bypass_and_graph" name="test_fix_route_skips_token_deduction_for_founder" time="0.372" /><testcase classname="tests.test_iter212m110_founder_bypass_and_graph" name="test_fix_route_still_charges_non_founder" time="0.001" /><testcase classname="tests.test_iter212m110_founder_bypass_and_graph" name="test_fix_route_refunds_tokens_when_patch_fails" time="0.001" /><testcase classname="tests.test_iter212m111_night_mode_focus_manual_ship" name="test_topbar_theme_toggle_removed" time="0.000" /><testcase classname="tests.test_iter212m111_night_mode_focus_manual_ship" name="test_dashboard_hardcodes_dark_theme" time="0.000" /><testcase classname="tests.test_iter212m111_night_mode_focus_manual_ship" name="test_chat_focus_event_dispatched_from_composer" time="0.001" /><testcase classname="tests.test_iter212m111_night_mode_focus_manual_ship" name="test_topbar_listens_for_chat_focus_to_hide" time="0.000" /><testcase classname="tests.test_iter212m111_night_mode_focus_manual_ship" name="test_dashboard_auto_collapses_advisor_on_chat_active" time="0.000" /><testcase classname="tests.test_iter212m111_night_mode_focus_manual_ship" name="test_loop_engine_has_manual_ship_pause_and_confirm" time="0.000" /><testcase classname="tests.test_iter212m111_night_mode_focus_manual_ship" name="test_loop_confirm_ship_endpoint_registered" time="0.000" /><testcase classname="tests.test_iter212m111_night_mode_focus_manual_ship" name="test_confirm_ship_approved_runs_commit_and_emits_completed" time="0.002" /><testcase classname="tests.test_iter212m111_night_mode_focus_manual_ship" name="test_confirm_ship_rejected_aborts_no_commit" time="0.001" /><testcase classname="tests.test_iter212m111_night_mode_focus_manual_ship" name="test_ship_pending_card_component_exists" time="0.000" /><testcase classname="tests.test_iter212m111_night_mode_focus_manual_ship" name="test_chat_panel_renders_ship_pending_card_on_awaiting_ship" time="0.001" /><testcase classname="tests.test_iter212m111_night_mode_focus_manual_ship" name="test_loop_api_exposes_confirm_ship_helper" time="0.000" /><testcase classname="tests.test_iter212m112_loop_autorestart_and_parallel_execute" name="test_phase_budgets_realistic" time="0.000" /><testcase classname="tests.test_iter212m112_loop_autorestart_and_parallel_execute" name="test_max_phase_restarts_is_at_least_2" time="0.000" /><testcase classname="tests.test_iter212m112_loop_autorestart_and_parallel_execute" name="test_with_budget_retries_on_timeout_then_succeeds" time="0.101" /><testcase classname="tests.test_iter212m112_loop_autorestart_and_parallel_execute" name="test_with_budget_fails_after_exhausting_restarts" time="0.154" /><testcase classname="tests.test_iter212m112_loop_autorestart_and_parallel_execute" name="test_loop_execute_uses_semaphore_and_per_file_timeout" time="0.000" /><testcase classname="tests.test_iter212m112_loop_autorestart_and_parallel_execute" name="test_generate_files_parallelism_under_timeout" time="0.823" /><testcase classname="tests.test_iter212m112_loop_autorestart_and_parallel_execute" name="test_generate_files_one_slow_file_doesnt_kill_batch" time="1.021" /><testcase classname="tests.test_iter212m112_loop_autorestart_and_parallel_execute" name="test_loop_engine_with_budget_emits_auto_restart_event" time="0.000" /><testcase classname="tests.test_iter212m113_graph_gating_incremental_tour_search_impact" name="test_get_graph_returns_empty_for_wrong_user" time="0.001" /><testcase classname="tests.test_iter212m113_graph_gating_incremental_tour_search_impact" name="test_graph_routes_decode_jwt_before_reading" time="0.002" /><testcase classname="tests.test_iter212m113_graph_gating_incremental_tour_search_impact" name="test_build_graph_persists_tree_and_blob_shas" time="0.000" /><testcase classname="tests.test_iter212m113_graph_gating_incremental_tour_search_impact" name="test_build_graph_reuses_prior_descriptions" time="0.000" /><testcase classname="tests.test_iter212m113_graph_gating_incremental_tour_search_impact" name="test_build_graph_skips_llm_when_no_changes" time="0.000" /><testcase classname="tests.test_iter212m113_graph_gating_incremental_tour_search_impact" name="test_tour_endpoint_returns_dependency_ordered_walkthrough" time="0.024" /><testcase classname="tests.test_iter212m113_graph_gating_incremental_tour_search_impact" name="test_tour_endpoint_returns_not_built_when_no_graph" time="0.001" /><testcase classname="tests.test_iter212m113_graph_gating_incremental_tour_search_impact" name="test_search_endpoint_ranks_path_and_symbol_matches" time="0.000" /><testcase classname="tests.test_iter212m113_graph_gating_incremental_tour_search_impact" name="test_search_endpoint_handles_empty_query" time="0.000" /><testcase classname="tests.test_iter212m113_graph_gating_incremental_tour_search_impact" name="test_impact_endpoint_returns_transitive_importers" time="0.000" /><testcase classname="tests.test_iter212m113_graph_gating_incremental_tour_search_impact" name="test_impact_endpoint_requires_files_in_body" time="0.000" /><testcase classname="tests.test_iter212m114_real_finding_fix" name="test_apply_finding_fix_happy_path" time="0.001" /><testcase classname="tests.test_iter212m114_real_finding_fix" name="test_apply_finding_fix_rejects_unresolved_patch" time="0.001" /><testcase classname="tests.test_iter212m114_real_finding_fix" name="test_apply_finding_fix_no_credentials_returns_clean_error" time="0.001" /><testcase classname="tests.test_iter212m114_real_finding_fix" name="test_security_fix_endpoint_founder_bypass" time="0.001" /><testcase classname="tests.test_iter212m114_real_finding_fix" name="test_security_fix_endpoint_refunds_on_patch_rejection" time="0.001" /><testcase classname="tests.test_iter212m114_real_finding_fix" name="test_security_fix_endpoint_validates_body" time="0.000" /><testcase classname="tests.test_iter212m114_real_finding_fix" name="test_codebase_health_fix_no_longer_uses_dummy_queue" time="0.000" /><testcase classname="tests.test_iter212m114_real_finding_fix" name="test_security_scan_has_fix_endpoint" time="0.000" /></testsuite></testsuites>