<?xml version="1.0" encoding="utf-8"?><testsuites><testsuite name="pytest" errors="0" failures="0" skipped="0" tests="17" time="59.494" timestamp="2026-06-24T23:26:06.473291+00:00" hostname="agent-env-b532beb8-418a-4207-951d-6457576d5e1f"><testcase classname="tests.test_iter212m21_ask_advisor_glm" name="test_ora_branch_calls_call_glm_not_call_ora" time="0.001" /><testcase classname="tests.test_iter212m21_ask_advisor_glm" name="test_ora_branch_uses_glm_model_constant" time="0.001" /><testcase classname="tests.test_iter212m21_ask_advisor_glm" name="test_ora_branch_uses_ora_panel_tone_system_prompt" time="0.001" /><testcase classname="tests.test_iter212m21_ask_advisor_glm" name="test_ora_branch_falls_back_to_orchestrator_on_glm_error" time="0.001" /><testcase classname="tests.test_iter212m21_ask_advisor_glm" name="test_step_helper_defined_at_top_of_worker" time="0.001" /><testcase classname="tests.test_iter212m21_ask_advisor_glm" name="test_draft_support_email_uses_glm_model" time="0.001" /><testcase classname="tests.test_iter212m21_ask_advisor_glm" name="test_swift_review_mode_still_routes_to_glm" time="0.000" /><testcase classname="tests.test_iter212m21_ask_advisor_glm" name="test_non_founder_agent_ora_silently_downgrades_to_auto" time="0.001" /><testcase classname="tests.test_iter212m22_ask_advisor_full_response" name="test_r5_rule_present_in_ora_panel_tone" time="0.002" /><testcase classname="tests.test_iter212m22_ask_advisor_full_response" name="test_max_tokens_bumped_to_2500_on_ora_glm_call" time="0.000" /><testcase classname="tests.test_iter212m22_ask_advisor_full_response" name="test_old_150_word_ceiling_removed" time="0.000" /><testcase classname="tests.test_iter212m22_ask_advisor_full_response" name="test_ambiguous_prompt_returns_full_clarifying_question[Help me fix it]" time="7.854" /><testcase classname="tests.test_iter212m22_ask_advisor_full_response" name="test_ambiguous_prompt_returns_full_clarifying_question[What should I do]" time="8.279" /><testcase classname="tests.test_iter212m22_ask_advisor_full_response" name="test_clear_prompt_returns_full_multiparagraph_answer" time="22.118" /><testcase classname="tests.test_iter212m22_ask_advisor_full_response" name="test_sse_stream_emits_thinking_and_done_step_frames" time="7.507" /><testcase classname="tests.test_iter212m22_ask_advisor_full_response" name="test_meta_frame_reports_glm_provider" time="6.888" /><testcase classname="tests.test_iter212m22_ask_advisor_full_response" name="test_ora_branch_does_not_fall_through_to_orchestrator" time="6.741" /></testsuite></testsuites>