<?xml version="1.0" encoding="utf-8"?><testsuites><testsuite name="pytest" errors="0" failures="0" skipped="0" tests="8" time="1.671" timestamp="2026-06-27T04:41:36.559591+00:00" hostname="agent-env-b532beb8-418a-4207-951d-6457576d5e1f"><testcase classname="backend.tests.test_iter212m55_e2e_regression.TestMiddlewareRegression" name="test_login_with_json_body_not_499" time="0.228" /><testcase classname="backend.tests.test_iter212m55_e2e_regression.TestMiddlewareRegression" name="test_login_good_creds_returns_200" time="0.280" /><testcase classname="backend.tests.test_iter212m55_e2e_regression.TestMiddlewareRegression" name="test_signup_endpoint_reachable" time="0.281" /><testcase classname="backend.tests.test_iter212m55_e2e_regression.TestMiddlewareRegression" name="test_nosql_where_operator_still_blocked" time="0.047" /><testcase classname="backend.tests.test_iter212m55_e2e_regression.TestSecurityScanEndpoint" name="test_no_auth_returns_401" time="0.134" /><testcase classname="backend.tests.test_iter212m55_e2e_regression.TestSecurityScanEndpoint" name="test_missing_project_id_returns_400" time="0.382" /><testcase classname="backend.tests.test_iter212m55_e2e_regression.TestSecurityScanEndpoint" name="test_bogus_project_id_returns_404" time="0.112" /><testcase classname="backend.tests.test_iter212m55_e2e_regression.TestSecurityScanEndpoint" name="test_route_is_wired" time="0.103" /></testsuite></testsuites>