<?xml version="1.0" encoding="utf-8"?><testsuites><testsuite name="pytest" errors="0" failures="0" skipped="0" tests="5" time="0.389" timestamp="2026-06-29T00:14:18.069080+00:00" hostname="agent-env-b532beb8-418a-4207-951d-6457576d5e1f"><testcase classname="tests.test_iter212m110_founder_bypass_and_graph" name="test_sidebar_graph_dispatches_drawer_event_not_navigate" time="0.001" /><testcase classname="tests.test_iter212m110_founder_bypass_and_graph" name="test_sidebar_graph_visible_to_all_users" time="0.000" /><testcase classname="tests.test_iter212m110_founder_bypass_and_graph" name="test_scan_route_treats_founder_as_admin" time="0.000" /><testcase classname="tests.test_iter212m110_founder_bypass_and_graph" name="test_fix_route_skips_token_deduction_for_founder" time="0.358" /><testcase classname="tests.test_iter212m110_founder_bypass_and_graph" name="test_fix_route_still_charges_non_founder" time="0.001" /></testsuite></testsuites>