<?xml version="1.0" encoding="utf-8"?><testsuites><testsuite name="pytest" errors="0" failures="0" skipped="0" tests="3" time="9.659" timestamp="2026-07-29T02:42:31.665042+00:00" hostname="agent-env-b532beb8-418a-4207-951d-6457576d5e1f"><testcase classname="tests.test_iter341_predeploy" name="test_prompt_mode_no_nonetype[What is 2+2?]" time="4.102" /><testcase classname="tests.test_iter341_predeploy" name="test_prompt_mode_no_nonetype[hi]" time="4.989" /><testcase classname="tests.test_iter341_predeploy" name="test_history_strips_nulls_public" time="0.443" /></testsuite></testsuites>