<?xml version="1.0" encoding="utf-8"?><testsuites><testsuite name="pytest" errors="0" failures="0" skipped="0" tests="9" time="1.169" timestamp="2026-07-16T20:02:43.579903+00:00" hostname="agent-env-b532beb8-418a-4207-951d-6457576d5e1f"><testcase classname="backend.tests.test_iter212m235_phase6_track_and_p0.TestSetTrack" name="test_set_track_personal" time="0.538" /><testcase classname="backend.tests.test_iter212m235_phase6_track_and_p0.TestSetTrack" name="test_me_reflects_personal" time="0.054" /><testcase classname="backend.tests.test_iter212m235_phase6_track_and_p0.TestSetTrack" name="test_set_track_developer" time="0.053" /><testcase classname="backend.tests.test_iter212m235_phase6_track_and_p0.TestSetTrack" name="test_me_reflects_developer" time="0.060" /><testcase classname="backend.tests.test_iter212m235_phase6_track_and_p0.TestSetTrack" name="test_set_track_invalid" time="0.069" /><testcase classname="backend.tests.test_iter212m235_phase6_track_and_p0.TestCreatedAtHealth" name="test_health" time="0.054" /><testcase classname="backend.tests.test_iter212m235_phase6_track_and_p0.TestCreatedAtHealth" name="test_backfill_idempotent" time="0.054" /><testcase classname="backend.tests.test_iter212m235_phase6_track_and_p0.TestSupabaseAdmin" name="test_pending_downgrades" time="0.061" /><testcase classname="backend.tests.test_iter212m235_phase6_track_and_p0.TestSupabaseAdmin" name="test_sweep_now" time="0.093" /></testsuite></testsuites>