<?xml version="1.0" encoding="utf-8"?><testsuites><testsuite name="pytest" errors="0" failures="3" skipped="3" tests="306" time="47.870" timestamp="2026-06-02T21:28:27.156215+00:00" hostname="agent-env-b532beb8-418a-4207-951d-6457576d5e1f"><testcase classname="tests.test_aurem_backend" name="test_health" time="0.166" /><testcase classname="tests.test_aurem_backend" name="test_stacks_list" time="0.050" /><testcase classname="tests.test_aurem_backend" name="test_signup_creates_user" time="0.280" /><testcase classname="tests.test_aurem_backend" name="test_signup_duplicate_returns_409" time="0.049" /><testcase classname="tests.test_aurem_backend" name="test_login_success" time="0.552" /><testcase classname="tests.test_aurem_backend" name="test_login_bad_password" time="0.284" /><testcase classname="tests.test_aurem_backend" name="test_me_with_token" time="0.049" /><testcase classname="tests.test_aurem_backend" name="test_me_without_token" time="0.046" /><testcase classname="tests.test_aurem_backend" name="test_chat_send_with_auth" time="1.307" /><testcase classname="tests.test_aurem_backend" name="test_chat_send_without_auth" time="0.051" /><testcase classname="tests.test_aurem_chat_persistence" name="test_chat_endpoints_require_auth[POST-/chat/send-body0]" time="0.129" /><testcase classname="tests.test_aurem_chat_persistence" name="test_chat_endpoints_require_auth[POST-/chat/stream-body1]" time="0.054" /><testcase classname="tests.test_aurem_chat_persistence" name="test_chat_endpoints_require_auth[GET-/chat/history?session_id=x-None]" time="0.049" /><testcase classname="tests.test_aurem_chat_persistence" name="test_chat_endpoints_require_auth[GET-/chat/sessions-None]" time="0.051" /><testcase classname="tests.test_aurem_chat_persistence" name="test_chat_endpoints_require_auth[DELETE-/chat/sessions/x-None]" time="0.053" /><testcase classname="tests.test_aurem_chat_persistence" name="test_chat_send_persists_and_history_returns" time="1.790" /><testcase classname="tests.test_aurem_chat_persistence" name="test_chat_sessions_lists_recent" time="2.297" /><testcase classname="tests.test_aurem_chat_persistence" name="test_cross_user_isolation" time="3.954" /><testcase classname="tests.test_aurem_chat_persistence" name="test_delete_session_removes_it" time="3.400" /><testcase classname="tests.test_aurem_chat_persistence" name="test_chat_stream_sse" time="1.411" /><testcase classname="tests.test_aurem_p0_bugs" name="test_bug1_add_project_returns_ok" time="0.416" /><testcase classname="tests.test_aurem_p0_bugs" name="test_bug1_list_excludes_github_token" time="0.051" /><testcase classname="tests.test_aurem_p0_bugs" name="test_bug2_patch_updates_branch_and_tech" time="0.109" /><testcase classname="tests.test_aurem_p0_bugs" name="test_bug2_patch_filters_empty_fields" time="0.052" /><testcase classname="tests.test_aurem_p0_bugs" name="test_bug2_patch_partial_only_one_field" time="0.110" /><testcase classname="tests.test_aurem_p0_bugs" name="test_bug2_patch_404_for_unknown_project" time="0.055" /><testcase classname="tests.test_aurem_p0_bugs" name="test_bug5_chat_send_persists_with_project_id" time="4.431" /><testcase classname="tests.test_aurem_p0_bugs" name="test_bug5_sessions_filtered_by_project_id" time="4.455" /><testcase classname="tests.test_aurem_p0_bugs" name="test_bug4_chat_feedback_up" time="3.276" /><testcase classname="tests.test_aurem_p0_bugs" name="test_bug4_chat_feedback_invalid_vote_rejected" time="4.253" /><testcase classname="tests.test_aurem_p0_bugs" name="test_bug4_chat_feedback_requires_auth" time="0.052" /><testcase classname="tests.test_aurem_p0_bugs" name="test_zzz_cleanup_delete_project" time="0.049" /><testcase classname="tests.test_aurem_rollback.TestRollbackAuth" name="test_no_auth_returns_401" time="0.206" /><testcase classname="tests.test_aurem_rollback.TestRollbackConfirm" name="test_wrong_confirm_string_returns_400" time="0.651" /><testcase classname="tests.test_aurem_rollback.TestRollbackConfirm" name="test_missing_confirm_field_returns_422_or_400" time="0.148" /><testcase classname="tests.test_aurem_rollback.TestRollbackGuards" name="test_unknown_task_returns_404" time="0.125" /><testcase classname="tests.test_aurem_rollback.TestRollbackGuards" name="test_task_in_queued_status_returns_400" time="0.122" /><testcase classname="tests.test_aurem_rollback.TestRollbackGuards" name="test_done_task_without_commit_sha_returns_400" time="0.115" /><testcase classname="tests.test_aurem_rollback.TestRollbackGuards" name="test_already_rolled_back_returns_409" time="0.124" /><testcase classname="tests.test_aurem_rollback.TestRollbackGuards" name="test_rollback_in_progress_queued_returns_409" time="0.159" /><testcase classname="tests.test_aurem_rollback.TestRollbackGuards" name="test_rollback_in_progress_running_returns_409" time="0.165" /><testcase classname="tests.test_aurem_rollback.TestRollbackGuards" name="test_no_pat_returns_400" time="0.260" /><testcase classname="tests.test_aurem_rollback.TestRollbackHappyPathOrchestration" name="test_queue_then_fail_gracefully" time="2.347" /><testcase classname="tests.test_aurem_rollback.TestSubmitTaskRegression" name="test_submit_task_creates_doc_without_rollback_fields" time="0.363" /><testcase classname="tests.test_aurem_rollback.TestUpdateProjectPreviewURL" name="test_add_then_patch_preview_url" time="0.674" /><testcase classname="tests.test_e2e_iter42" name="test_classify_intent[hi there-None-A]" time="0.015" /><testcase classname="tests.test_e2e_iter42" name="test_classify_intent[hello, you working today?-None-A]" time="0.002" /><testcase classname="tests.test_e2e_iter42" name="test_classify_intent[should I use postgres or mongo for this?-None-B]" time="0.000" /><testcase classname="tests.test_e2e_iter42" name="test_classify_intent[which is better, JWT or sessions?-None-B]" time="0.000" /><testcase classname="tests.test_e2e_iter42" name="test_classify_intent[add a /health endpoint to my repo-None-C]" time="0.000" /><testcase classname="tests.test_e2e_iter42" name="test_classify_intent[ship it-None-C]" time="0.000" /><testcase classname="tests.test_e2e_iter42" name="test_classify_intent[why is my API returning 422?-None-D]" time="0.000" /><testcase classname="tests.test_e2e_iter42" name="test_classify_intent[CORS error blocking my frontend-None-D]" time="0.000" /><testcase classname="tests.test_e2e_iter42" name="test_classify_intent[audit my codebase and find bugs-None-E]" time="0.000" /><testcase classname="tests.test_e2e_iter42" name="test_classify_intent[security review on my repo-None-E]" time="0.000" /><testcase classname="tests.test_e2e_iter42" name="test_classify_intent[check this-f1210-D]" time="0.000" /><testcase classname="tests.test_e2e_iter42" name="test_classify_intent[check this-f1211-D]" time="0.000" /><testcase classname="tests.test_e2e_iter42" name="test_lint_blocks_hardcoded_secret" time="0.002" /><testcase classname="tests.test_e2e_iter42" name="test_lint_auto_fix_console_log_and_transition_all" time="0.000" /><testcase classname="tests.test_e2e_iter42" name="test_parallel_agents_decides_to_split_for_multi_domain" time="0.000" /><testcase classname="tests.test_e2e_iter42" name="test_parallel_agents_single_path_for_tiny_task" time="0.000" /><testcase classname="tests.test_e2e_iter42" name="test_pat_encryption_round_trip" time="0.002" /><testcase classname="tests.test_e2e_iter42" name="test_pat_encryption_rejects_cross_user" time="0.001" /><testcase classname="tests.test_e2e_iter42" name="test_mode_d_fast_path_cors" time="0.000" /><testcase classname="tests.test_e2e_iter42" name="test_mode_d_fast_path_500" time="0.000" /><testcase classname="tests.test_e2e_iter42" name="test_mode_d_no_fast_path_for_obscure" time="0.000" /><testcase classname="tests.test_e2e_iter42" name="test_mode_e_quick_wins_finds_missing_readme" time="0.000" /><testcase classname="tests.test_e2e_iter42" name="test_mode_e_static_scan_catches_eval" time="0.001" /><testcase classname="tests.test_e2e_iter42" name="test_council_log_creation" time="0.212" /><testcase classname="tests.test_e2e_iter42" name="test_project_brain_empty_returns_empty_string" time="0.008" /><testcase classname="tests.test_founder_and_admin_resilience" name="test_founder_signup_grants_unlimited" time="0.263" /><testcase classname="tests.test_founder_and_admin_resilience" name="test_founder_login_promotes_existing_account" time="0.495" /><testcase classname="tests.test_founder_and_admin_resilience" name="test_founder_never_exhausted_even_with_huge_burn" time="0.558" /><testcase classname="tests.test_founder_and_admin_resilience" name="test_admin_me_works_with_stale_jwt" time="0.291" /><testcase classname="tests.test_founder_and_admin_resilience" name="test_admin_me_rejects_plain_user" time="0.258"><skipped type="pytest.skip" message="test user is admin in this env">/app/backend/tests/test_founder_and_admin_resilience.py:162: test user is admin in this env</skipped></testcase><testcase classname="tests.test_founder_public_url" name="test_public_founder_signup_unlimited" time="0.339" /><testcase classname="tests.test_founder_public_url" name="test_public_founder_login_promotes_stale" time="0.573" /><testcase classname="tests.test_founder_public_url" name="test_public_founder_never_exhausted" time="0.849" /><testcase classname="tests.test_founder_public_url" name="test_public_admin_me_with_stale_jwt" time="0.455" /><testcase classname="tests.test_founder_public_url" name="test_public_regression_non_founder_402_still_works" time="0.568"><skipped type="pytest.skip" message="test user is marked unlimited in this env">/app/backend/tests/test_founder_public_url.py:144: test user is marked unlimited in this env</skipped></testcase><testcase classname="tests.test_founder_public_url" name="test_cleanup_founder_user" time="0.006" /><testcase classname="tests.test_iter36_anti_hallucination" name="test_retry_succeeds_on_first_try" time="0.000" /><testcase classname="tests.test_iter36_anti_hallucination" name="test_retry_eventually_succeeds" time="0.031" /><testcase classname="tests.test_iter36_anti_hallucination" name="test_retry_raises_after_exhausting_attempts" time="0.031" /><testcase classname="tests.test_iter36_anti_hallucination" name="test_flags_unread_file_paths" time="0.000" /><testcase classname="tests.test_iter36_anti_hallucination" name="test_flags_line_numbers_without_any_fetched_file" time="0.000" /><testcase classname="tests.test_iter36_anti_hallucination" name="test_flags_fabricated_metrics" time="0.000" /><testcase classname="tests.test_iter36_anti_hallucination" name="test_clean_when_path_actually_fetched" time="0.000" /><testcase classname="tests.test_iter36_anti_hallucination" name="test_no_flags_for_clean_text" time="0.000" /><testcase classname="tests.test_iter36_anti_hallucination" name="test_caps_flag_count_to_6" time="0.000" /><testcase classname="tests.test_iter36_anti_hallucination" name="test_persona_has_anti_hallucination_contract" time="0.000" /><testcase classname="tests.test_iter36_anti_hallucination" name="test_persona_forbids_metric_invention" time="0.000" /><testcase classname="tests.test_iter36_anti_hallucination" name="test_persona_keeps_iter32_rules" time="0.000" /><testcase classname="tests.test_iter36_anti_hallucination" name="test_retry_endpoint_404_for_unknown_task" time="0.278" /><testcase classname="tests.test_iter36_anti_hallucination" name="test_retry_endpoint_400_when_task_not_failed" time="0.291" /><testcase classname="tests.test_iter37_404_hallucination_guard" name="test_read_repo_file_404_returns_stop_warning" time="0.004" /><testcase classname="tests.test_iter37_404_hallucination_guard" name="test_read_repo_files_50pct_404_returns_hallucination_warning" time="0.001" /><testcase classname="tests.test_iter37_404_hallucination_guard" name="test_read_repo_files_no_warning_when_most_succeed" time="0.001" /><testcase classname="tests.test_iter37_404_hallucination_guard" name="test_priority_files_covers_backend_style_repos" time="0.000" /><testcase classname="tests.test_iter44_vanguard.TestVanguardScanner" name="test_catches_github_pat" time="0.000" /><testcase classname="tests.test_iter44_vanguard.TestVanguardScanner" name="test_catches_aws_access_key" time="0.000" /><testcase classname="tests.test_iter44_vanguard.TestVanguardScanner" name="test_catches_openai_key" time="0.000" /><testcase classname="tests.test_iter44_vanguard.TestVanguardScanner" name="test_catches_private_key_pem" time="0.000" /><testcase classname="tests.test_iter44_vanguard.TestVanguardScanner" name="test_catches_db_connection_string" time="0.000" /><testcase classname="tests.test_iter44_vanguard.TestVanguardScanner" name="test_catches_eval_usage" time="0.000" /><testcase classname="tests.test_iter44_vanguard.TestVanguardScanner" name="test_catches_subprocess_shell_true" time="0.000" /><testcase classname="tests.test_iter44_vanguard.TestVanguardScanner" name="test_clean_code_no_findings" time="0.000" /><testcase classname="tests.test_iter44_vanguard.TestDesignLinterUsesVanguard" name="test_lint_blocks_github_pat_via_vanguard" time="0.000" /><testcase classname="tests.test_iter44_vanguard.TestDesignLinterUsesVanguard" name="test_lint_blocks_aws_key_via_vanguard" time="0.000" /><testcase classname="tests.test_iter44_vanguard.TestSkillInjector" name="test_auth_task_injects_auth_playbook" time="0.000" /><testcase classname="tests.test_iter44_vanguard.TestSkillInjector" name="test_payments_task_injects_api_security" time="0.000" /><testcase classname="tests.test_iter44_vanguard.TestSkillInjector" name="test_react_task_injects_frontend_security" time="0.000" /><testcase classname="tests.test_iter44_vanguard.TestSkillInjector" name="test_security_review_always_injected" time="0.000" /><testcase classname="tests.test_iter44_vanguard.TestSkillInjector" name="test_build_skill_context_returns_markdown" time="0.000" /><testcase classname="tests.test_iter44_vanguard.TestSkillInjector" name="test_no_match_still_returns_security_review" time="0.000" /><testcase classname="tests.test_iter45_grade.TestRateLimiter" name="test_under_limit_passes" time="0.000" /><testcase classname="tests.test_iter45_grade.TestRateLimiter" name="test_over_limit_returns_false" time="0.000" /><testcase classname="tests.test_iter45_grade.TestRateLimiter" name="test_per_key_isolation" time="0.000" /><testcase classname="tests.test_iter45_grade.TestRateLimiter" name="test_xff_header_extraction" time="0.000" /><testcase classname="tests.test_iter45_grade.TestRateLimiter" name="test_fallback_to_client_host" time="0.000" /><testcase classname="tests.test_iter45_grade" name="test_free_tier_cap_logic_present" time="0.002" /><testcase classname="tests.test_iter45_grade" name="test_public_stats_no_auth" time="0.001" /><testcase classname="tests.test_iter45_grade" name="test_sentry_inert_when_no_dsn" time="0.127" /><testcase classname="tests.test_iter50_anti_hallucination.TestGreetingClassification" name="test_hi_aurem_with_stale_aborted_errors" time="0.000" /><testcase classname="tests.test_iter50_anti_hallucination.TestGreetingClassification" name="test_hi_with_status_0_noise" time="0.000" /><testcase classname="tests.test_iter50_anti_hallucination.TestGreetingClassification" name="test_thanks_with_noise_stays_A" time="0.000" /><testcase classname="tests.test_iter50_anti_hallucination.TestGreetingClassification" name="test_greeting_wins_even_over_real_500" time="0.000" /><testcase classname="tests.test_iter50_anti_hallucination.TestGreetingClassification" name="test_non_greeting_with_real_500_routes_to_D" time="0.000" /><testcase classname="tests.test_iter50_anti_hallucination.TestF12SignalGuard" name="test_aborted_message_is_not_signal" time="0.000" /><testcase classname="tests.test_iter50_anti_hallucination.TestF12SignalGuard" name="test_status_0_is_not_signal" time="0.000" /><testcase classname="tests.test_iter50_anti_hallucination.TestF12SignalGuard" name="test_status_200_is_not_signal" time="0.000" /><testcase classname="tests.test_iter50_anti_hallucination.TestF12SignalGuard" name="test_real_500_is_signal" time="0.000" /><testcase classname="tests.test_iter50_anti_hallucination.TestF12SignalGuard" name="test_404_is_signal" time="0.000" /><testcase classname="tests.test_iter50_anti_hallucination.TestF12SignalGuard" name="test_stack_trace_is_signal" time="0.000" /><testcase classname="tests.test_iter50_anti_hallucination.TestF12SignalGuard" name="test_real_console_error_is_signal" time="0.000" /><testcase classname="tests.test_iter50_anti_hallucination.TestDiagnosisPromptHardening" name="test_diagnosis_prompt_has_anti_hallucination_section" time="0.000" /><testcase classname="tests.test_iter50_anti_hallucination.TestDiagnosisPromptHardening" name="test_diagnosis_prompt_has_empty_context_fallback" time="0.000" /><testcase classname="tests.test_iter51_sse_handoff_and_vanguard_skills" name="test_pci_skill_file_exists" time="0.000" /><testcase classname="tests.test_iter51_sse_handoff_and_vanguard_skills" name="test_privacy_skill_file_exists" time="0.000" /><testcase classname="tests.test_iter51_sse_handoff_and_vanguard_skills" name="test_pci_skill_triggers_on_stripe_keyword" time="0.000" /><testcase classname="tests.test_iter51_sse_handoff_and_vanguard_skills" name="test_pci_skill_triggers_on_payment_keyword" time="0.000" /><testcase classname="tests.test_iter51_sse_handoff_and_vanguard_skills" name="test_privacy_skill_triggers_on_gdpr_keyword" time="0.000" /><testcase classname="tests.test_iter51_sse_handoff_and_vanguard_skills" name="test_privacy_skill_triggers_on_user_data_keyword" time="0.000" /><testcase classname="tests.test_iter51_sse_handoff_and_vanguard_skills" name="test_skills_combine_when_both_relevant" time="0.000" /><testcase classname="tests.test_iter51_sse_handoff_and_vanguard_skills" name="test_no_skills_for_irrelevant_prompt" time="0.000" /><testcase classname="tests.test_iter51_sse_handoff_and_vanguard_skills" name="test_max_skills_cap_respected" time="0.000" /><testcase classname="tests.test_iter51_sse_handoff_and_vanguard_skills" name="test_build_skill_context_returns_markdown_block" time="0.000" /><testcase classname="tests.test_iter51_sse_handoff_and_vanguard_skills" name="test_persist_turn_signature_accepts_shipped_task_id" time="0.000" /><testcase classname="tests.test_iter51_sse_handoff_and_vanguard_skills" name="test_chat_stream_emits_task_handoff_frame_format" time="0.000" /><testcase classname="tests.test_iter51_sse_handoff_and_vanguard_skills" name="test_frontend_api_js_dispatches_task_handoff" time="0.000" /><testcase classname="tests.test_iter51_sse_handoff_and_vanguard_skills" name="test_chatpanel_renders_auto_handoff_progress_card" time="0.001"><failure message="AssertionError: auto-handoff block missing&#10;assert None&#10; +  where None = &lt;function search at 0xfa12f847d3a0&gt;('auto-handoff-row-', '/**\n * ChatPanel.jsx — Streaming chat + session persistence.\n *\n * Toolbar:\n *  #x1F4CE Upload    — attach files (multi...style.borderColor = &quot;var(--border)&quot;;\n        }\n      }}\n    &gt;\n      &lt;Icon size={14} /&gt;\n    &lt;/button&gt;\n  );\n}\n\n')&#10; +    where &lt;function search at 0xfa12f847d3a0&gt; = re.search">tests/test_iter51_sse_handoff_and_vanguard_skills.py:176: in test_chatpanel_renders_auto_handoff_progress_card
    assert re.search(r"auto-handoff-row-", src), "auto-handoff block missing"
E   AssertionError: auto-handoff block missing
E   assert None
E    +  where None = &lt;function search at 0xfa12f847d3a0&gt;('auto-handoff-row-', '/**\n * ChatPanel.jsx — Streaming chat + session persistence.\n *\n * Toolbar:\n *  #x1F4CE Upload    — attach files (multi...style.borderColor = "var(--border)";\n        }\n      }}\n    &gt;\n      &lt;Icon size={14} /&gt;\n    &lt;/button&gt;\n  );\n}\n\n')
E    +    where &lt;function search at 0xfa12f847d3a0&gt; = re.search</failure></testcase><testcase classname="tests.test_iter52_production_bug_fixes" name="test_bug1_run_task_with_git_scrubs_pat" time="0.001" /><testcase classname="tests.test_iter52_production_bug_fixes" name="test_bug2_update_project_encrypts_pat" time="0.000" /><testcase classname="tests.test_iter52_production_bug_fixes" name="test_bug3_free_tier_count_excludes_failed_tasks" time="0.000" /><testcase classname="tests.test_iter52_production_bug_fixes" name="test_bug4_retry_task_propagates_maxx_mode" time="0.000" /><testcase classname="tests.test_iter52_production_bug_fixes" name="test_bug5_council_logger_skips_mode_d_e" time="0.000" /><testcase classname="tests.test_iter52_production_bug_fixes" name="test_bug6_ora_council_logger_uses_logging" time="0.000" /><testcase classname="tests.test_iter52_production_bug_fixes" name="test_bug7_rate_limiter_caps_in_memory_buckets" time="0.000" /><testcase classname="tests.test_iter52_production_bug_fixes" name="test_bug7_rate_limiter_cap_env_overridable" time="0.000" /><testcase classname="tests.test_iter52_production_bug_fixes" name="test_bug8_cors_reads_allowed_origins_env" time="0.000" /><testcase classname="tests.test_iter52_production_bug_fixes" name="test_logic_fix_git_path_injects_brain_issues_skills" time="0.001" /><testcase classname="tests.test_iter52_production_bug_fixes" name="test_code_quality_no_token_optimization_or_wirein_left" time="0.000" /><testcase classname="tests.test_iter53_task_followup" name="test_endpoint_registered" time="0.000" /><testcase classname="tests.test_iter53_task_followup" name="test_endpoint_request_body_shape" time="0.000" /><testcase classname="tests.test_iter53_task_followup" name="test_endpoint_signature" time="0.000" /><testcase classname="tests.test_iter53_task_followup" name="test_failed_followup_template_is_deterministic" time="0.000" /><testcase classname="tests.test_iter53_task_followup" name="test_failed_followup_does_not_explode_on_missing_fields" time="0.000" /><testcase classname="tests.test_iter53_task_followup" name="test_done_fallback_template_lists_files_and_sha" time="0.000" /><testcase classname="tests.test_iter53_task_followup" name="test_done_fallback_handles_no_files" time="0.000" /><testcase classname="tests.test_iter53_task_followup" name="test_followup_sys_prompt_enforces_structure" time="0.000" /><testcase classname="tests.test_iter53_task_followup" name="test_done_status_persists_files_changed" time="0.000" /><testcase classname="tests.test_iter53_task_followup" name="test_endpoint_checks_followup_message_cache" time="0.000" /><testcase classname="tests.test_iter53_task_followup" name="test_frontend_triggers_followup_on_terminal" time="0.000" /><testcase classname="tests.test_iter54_shipwall_wrapped_overview" name="test_shipwall_router_registered" time="0.000" /><testcase classname="tests.test_iter54_shipwall_wrapped_overview" name="test_wrapped_router_registered" time="0.000" /><testcase classname="tests.test_iter54_shipwall_wrapped_overview" name="test_admin_council_stats_endpoint_present" time="0.000" /><testcase classname="tests.test_iter54_shipwall_wrapped_overview" name="test_main_includes_new_routers" time="0.000" /><testcase classname="tests.test_iter54_shipwall_wrapped_overview" name="test_public_ship_strips_sensitive_fields" time="0.000" /><testcase classname="tests.test_iter54_shipwall_wrapped_overview" name="test_wrapped_share_text_format" time="0.000" /><testcase classname="tests.test_iter54_shipwall_wrapped_overview" name="test_app_jsx_registers_wall_route" time="0.000" /><testcase classname="tests.test_iter54_shipwall_wrapped_overview" name="test_admin_page_wires_overview_as_first_tab" time="0.000" /><testcase classname="tests.test_iter54_shipwall_wrapped_overview" name="test_analytics_page_renders_wrapped_card" time="0.000" /><testcase classname="tests.test_iter54_shipwall_wrapped_overview" name="test_landing_has_wall_nav_link" time="0.000" /><testcase classname="tests.test_iter55_tool_call_leak_and_timeout" name="test_synthesise_summary_never_returns_raw_tool_call" time="0.000" /><testcase classname="tests.test_iter55_tool_call_leak_and_timeout" name="test_synthesise_summary_empty_invocations_still_useful" time="0.000" /><testcase classname="tests.test_iter55_tool_call_leak_and_timeout" name="test_synthesise_summary_truncates_huge_path_lists" time="0.000" /><testcase classname="tests.test_iter55_tool_call_leak_and_timeout" name="test_same_tool_call_detector_matches_identical" time="0.000" /><testcase classname="tests.test_iter55_tool_call_leak_and_timeout" name="test_same_tool_call_detector_arg_order_independent" time="0.000" /><testcase classname="tests.test_iter55_tool_call_leak_and_timeout" name="test_same_tool_call_detector_rejects_different_args" time="0.000" /><testcase classname="tests.test_iter55_tool_call_leak_and_timeout" name="test_same_tool_call_detector_rejects_different_tools" time="0.000" /><testcase classname="tests.test_iter55_tool_call_leak_and_timeout" name="test_same_tool_call_detector_handles_missing" time="0.000" /><testcase classname="tests.test_iter55_tool_call_leak_and_timeout" name="test_orchestrator_max_iters_no_longer_falls_back_to_raw_content" time="0.000" /><testcase classname="tests.test_iter55_tool_call_leak_and_timeout" name="test_chat_router_timeout_emits_tokens_not_just_error" time="0.000" /><testcase classname="tests.test_iter55_tool_call_leak_and_timeout" name="test_chat_with_tools_accepts_live_invocations_ref" time="0.000" /><testcase classname="tests.test_iter55_tool_call_leak_and_timeout" name="test_chat_router_passes_live_invocations_ref" time="0.000" /><testcase classname="tests.test_iter56_oauth_redirect_origin" name="test_login_oauth_uses_window_location_origin" time="0.000" /><testcase classname="tests.test_iter56_oauth_redirect_origin" name="test_projects_oauth_uses_window_location_origin" time="0.000" /><testcase classname="tests.test_iter56_oauth_redirect_origin" name="test_no_other_oauth_call_sites_left_with_envvar" time="0.000" /><testcase classname="tests.test_iter57_repo_context_and_brain_memory" name="test_repo_context_wrap_mandates_tool_use_for_non_inlined_files" time="0.000" /><testcase classname="tests.test_iter57_repo_context_and_brain_memory" name="test_repo_context_wrap_still_includes_tree_and_inlined" time="0.000" /><testcase classname="tests.test_iter57_repo_context_and_brain_memory" name="test_brain_context_includes_recent_commits" time="0.000" /><testcase classname="tests.test_iter57_repo_context_and_brain_memory" name="test_brain_context_clamps_long_commit_lists" time="0.000" /><testcase classname="tests.test_iter57_repo_context_and_brain_memory" name="test_brain_context_handles_no_events" time="0.000" /><testcase classname="tests.test_iter57_repo_context_and_brain_memory" name="test_chat_router_injects_brain_context" time="0.000" /><testcase classname="tests.test_iter57_repo_context_and_brain_memory" name="test_git_path_worker_updates_brain" time="0.000" /><testcase classname="tests.test_iter58_truncated_tree_rescue" name="test_local_tools_has_subtree_fallback_helper" time="0.000" /><testcase classname="tests.test_iter58_truncated_tree_rescue" name="test_repo_context_has_subtree_fallback_helper" time="0.000" /><testcase classname="tests.test_iter58_truncated_tree_rescue" name="test_fetch_tree_returns_truncation_flag" time="0.001" /><testcase classname="tests.test_iter58_truncated_tree_rescue" name="test_list_repo_files_handles_gh_truncated_with_path" time="0.000" /><testcase classname="tests.test_iter58_truncated_tree_rescue" name="test_search_repo_also_uses_truncation_rescue" time="0.000" /><testcase classname="tests.test_iter58_truncated_tree_rescue" name="test_repo_context_build_blob_rescues_on_truncation" time="0.000" /><testcase classname="tests.test_iter58_truncated_tree_rescue" name="test_small_repo_does_not_trigger_rescue" time="0.000" /><testcase classname="tests.test_iter58_truncated_tree_rescue" name="test_list_repo_files_response_warns_about_truncation" time="0.000" /><testcase classname="tests.test_iter59_upload_image_vision" name="test_upload_router_has_image_branch" time="0.000" /><testcase classname="tests.test_iter59_upload_image_vision" name="test_vision_caller_is_async_with_correct_kwargs" time="0.000" /><testcase classname="tests.test_iter59_upload_image_vision" name="test_vision_uses_data_url_format" time="0.000" /><testcase classname="tests.test_iter59_upload_image_vision" name="test_vision_failure_returns_placeholder_not_415" time="0.000" /><testcase classname="tests.test_iter59_upload_image_vision" name="test_doc_branch_no_longer_raises_on_empty_text" time="0.000" /><testcase classname="tests.test_iter59_upload_image_vision" name="test_chat_panel_renders_attachment_pills" time="0.000" /><testcase classname="tests.test_iter59_upload_image_vision" name="test_chat_panel_send_handles_attachment_only" time="0.000" /><testcase classname="tests.test_iter59_upload_image_vision" name="test_chat_panel_supports_drop_and_paste" time="0.000" /><testcase classname="tests.test_iter60_hosted_deploy_and_engage" name="test_hosted_deploy_router_registered" time="0.000" /><testcase classname="tests.test_iter60_hosted_deploy_and_engage" name="test_main_includes_hosted_deploy" time="0.000" /><testcase classname="tests.test_iter60_hosted_deploy_and_engage" name="test_vercel_hook_regex_accepts_real_url" time="0.000" /><testcase classname="tests.test_iter60_hosted_deploy_and_engage" name="test_netlify_hook_regex_accepts_real_url" time="0.000" /><testcase classname="tests.test_iter60_hosted_deploy_and_engage" name="test_ship_handler_is_async_and_authed" time="0.000" /><testcase classname="tests.test_iter60_hosted_deploy_and_engage" name="test_hook_stored_encrypted_not_plaintext" time="0.000" /><testcase classname="tests.test_iter60_hosted_deploy_and_engage" name="test_engage_classifier_matches_market_questions" time="0.000" /><testcase classname="tests.test_iter60_hosted_deploy_and_engage" name="test_engage_classifier_rejects_coding_and_greetings" time="0.000" /><testcase classname="tests.test_iter60_hosted_deploy_and_engage" name="test_classify_intent_routes_F_for_engage" time="0.000" /><testcase classname="tests.test_iter60_hosted_deploy_and_engage" name="test_run_engage_is_async_with_correct_signature" time="0.000" /><testcase classname="tests.test_iter60_hosted_deploy_and_engage" name="test_chat_stream_routes_mode_F" time="0.000" /><testcase classname="tests.test_llm_provider" name="test_payload_carries_privacy_directives" time="0.002" /><testcase classname="tests.test_llm_provider" name="test_call_llm_with_meta_success_reports_deepseek" time="0.001" /><testcase classname="tests.test_llm_provider" name="test_no_silent_fallback_on_openrouter_5xx" time="0.001" /><testcase classname="tests.test_llm_provider" name="test_no_silent_fallback_on_network_error" time="0.001" /><testcase classname="tests.test_llm_provider" name="test_call_llm_raises_without_api_key" time="0.001" /><testcase classname="tests.test_parallel_orchestrator" name="test_persona_still_has_iter32_rules" time="0.000" /><testcase classname="tests.test_parallel_orchestrator" name="test_persona_mentions_parallel_tool_invocation" time="0.000" /><testcase classname="tests.test_parallel_orchestrator" name="test_code_task_detection[fix the auth bug-True]" time="0.000" /><testcase classname="tests.test_parallel_orchestrator" name="test_code_task_detection[create a new endpoint-True]" time="0.000" /><testcase classname="tests.test_parallel_orchestrator" name="test_code_task_detection[implement feature X-True]" time="0.000" /><testcase classname="tests.test_parallel_orchestrator" name="test_code_task_detection[ship it-True]" time="0.000" /><testcase classname="tests.test_parallel_orchestrator" name="test_code_task_detection[go-True]" time="0.000" /><testcase classname="tests.test_parallel_orchestrator" name="test_code_task_detection[yes-True]" time="0.000" /><testcase classname="tests.test_parallel_orchestrator" name="test_code_task_detection[ok-True]" time="0.000" /><testcase classname="tests.test_parallel_orchestrator" name="test_code_task_detection[what is this project?-False]" time="0.000" /><testcase classname="tests.test_parallel_orchestrator" name="test_code_task_detection[explain the auth flow-False]" time="0.000" /><testcase classname="tests.test_parallel_orchestrator" name="test_code_task_detection[how does FastAPI work-False]" time="0.000" /><testcase classname="tests.test_parallel_orchestrator" name="test_short_confirmation_after_history_is_code" time="0.000" /><testcase classname="tests.test_parallel_orchestrator" name="test_tool_calls_run_in_parallel" time="0.403" /><testcase classname="tests.test_parallel_orchestrator" name="test_chat_with_tools_returns_mode_in_response" time="0.002" /><testcase classname="tests.test_ship_turn_index" name="test_ship_with_correct_index_writes_to_assistant_turn" time="0.283" /><testcase classname="tests.test_ship_turn_index" name="test_ship_with_out_of_bounds_index_falls_back_to_latest_assistant" time="0.292" /><testcase classname="tests.test_ship_turn_index" name="test_ship_rejects_negative_index" time="0.278" /><testcase classname="tests.test_ship_turn_index" name="test_ship_rejects_unknown_session" time="0.275" /><testcase classname="tests.test_ship_turn_index" name="test_ship_409_when_session_has_no_assistant_turns" time="0.285" /><testcase classname="tests.test_strip_tool_calls" name="test_strip_removes_all_tool_call_fences" time="0.000" /><testcase classname="tests.test_strip_tool_calls" name="test_strip_is_safe_on_clean_text" time="0.000" /><testcase classname="tests.test_strip_tool_calls" name="test_strip_handles_json_fence_alias" time="0.000" /><testcase classname="tests.test_strip_tool_calls" name="test_extract_then_strip_pairs" time="0.000" /><testcase classname="tests.test_strip_tool_calls" name="test_strip_collapses_excessive_blank_lines" time="0.000" /><testcase classname="tests.test_strip_tool_calls" name="test_strip_on_empty_or_none" time="0.000" /><testcase classname="tests.test_token_enforcement" name="test_usage_me_shape" time="0.293"><failure message="assert 1000000000 == 1000">tests/test_token_enforcement.py:58: in test_usage_me_shape
    assert body["plan_limit"] == 1000  # free tier per PLAN_LIMITS
E   assert 1000000000 == 1000</failure></testcase><testcase classname="tests.test_token_enforcement" name="test_usage_me_unauthorized" time="0.023" /><testcase classname="tests.test_token_enforcement" name="test_submit_402_when_exhausted_and_recovers_after_grant" time="0.293"><failure message="assert False is True">tests/test_token_enforcement.py:87: in test_submit_402_when_exhausted_and_recovers_after_grant
    assert usage["is_exhausted"] is True
E   assert False is True</failure></testcase><testcase classname="tests.test_token_enforcement" name="test_grant_validation" time="0.291" /><testcase classname="tests.test_truncation_guard" name="test_rejects_placeholders[src/App.jsx-// ... rest of file unchanged ...\n]" time="0.000" /><testcase classname="tests.test_truncation_guard" name="test_rejects_placeholders[backend/main.py-from x import y\n# ... existing imports ...\n]" time="0.000" /><testcase classname="tests.test_truncation_guard" name="test_rejects_placeholders[README.md-Title\n\n... (truncated)\n]" time="0.000" /><testcase classname="tests.test_truncation_guard" name="test_rejects_placeholders[server.go-/* existing code */\nfunc main() {}\n]" time="0.000" /><testcase classname="tests.test_truncation_guard" name="test_rejects_placeholders[a.ts-&lt;keep the rest of the file as is&gt;\nexport {}\n]" time="0.000" /><testcase classname="tests.test_truncation_guard" name="test_rejects_placeholders[b.py-def foo():\n    # rest of file\n    pass\n]" time="0.000" /><testcase classname="tests.test_truncation_guard" name="test_accepts_complete_files[src/App.jsx-import React from 'react'\nexport default function App(){\n  return &lt;h1&gt;hi&lt;/h1&gt;\n}\n]" time="0.000" /><testcase classname="tests.test_truncation_guard" name="test_accepts_complete_files[README.md-# AUREM\nA tagline.\nLast line.\n]" time="0.000" /><testcase classname="tests.test_truncation_guard" name="test_accepts_complete_files[config.json-{\n  &quot;a&quot;: 1\n}\n]" time="0.000" /><testcase classname="tests.test_truncation_guard" name="test_rejects_empty_body" time="0.000" /><testcase classname="tests.test_truncation_guard" name="test_rejects_one_liner_code_file" time="0.000" /><testcase classname="tests.test_vault_and_indexer" name="test_role_detection[backend/routers/auth.py-routes]" time="0.000" /><testcase classname="tests.test_vault_and_indexer" name="test_role_detection[backend/main.py-other]" time="0.000" /><testcase classname="tests.test_vault_and_indexer" name="test_role_detection[backend/server.py-routes]" time="0.000" /><testcase classname="tests.test_vault_and_indexer" name="test_role_detection[app/models/user.py-models]" time="0.000" /><testcase classname="tests.test_vault_and_indexer" name="test_role_detection[app/schemas/order.py-models]" time="0.000" /><testcase classname="tests.test_vault_and_indexer" name="test_role_detection[frontend/src/components/x.jsx-components]" time="0.000" /><testcase classname="tests.test_vault_and_indexer" name="test_role_detection[frontend/src/pages/y.tsx-components]" time="0.000" /><testcase classname="tests.test_vault_and_indexer" name="test_role_detection[requirements.txt-deps]" time="0.000" /><testcase classname="tests.test_vault_and_indexer" name="test_role_detection[package.json-deps]" time="0.000" /><testcase classname="tests.test_vault_and_indexer" name="test_role_detection[README.md-other]" time="0.000" /><testcase classname="tests.test_vault_and_indexer" name="test_lang_detection[a.py-python]" time="0.000" /><testcase classname="tests.test_vault_and_indexer" name="test_lang_detection[b.jsx-js]" time="0.000" /><testcase classname="tests.test_vault_and_indexer" name="test_lang_detection[c.tsx-js]" time="0.000" /><testcase classname="tests.test_vault_and_indexer" name="test_lang_detection[d.json-json]" time="0.000" /><testcase classname="tests.test_vault_and_indexer" name="test_lang_detection[e.md-md]" time="0.000" /><testcase classname="tests.test_vault_and_indexer" name="test_lang_detection[f.yaml-yaml]" time="0.000" /><testcase classname="tests.test_vault_and_indexer" name="test_lang_detection[g.txt-other]" time="0.000" /><testcase classname="tests.test_vault_and_indexer" name="test_parse_repo_url[https://github.com/me/repo-expected0]" time="0.000" /><testcase classname="tests.test_vault_and_indexer" name="test_parse_repo_url[https://github.com/me/repo.git-expected1]" time="0.000" /><testcase classname="tests.test_vault_and_indexer" name="test_parse_repo_url[git@github.com:me/repo.git-expected2]" time="0.000" /><testcase classname="tests.test_vault_and_indexer" name="test_parse_repo_url[github.com/teji/aurem-expected3]" time="0.000" /><testcase classname="tests.test_vault_and_indexer" name="test_parse_repo_url_invalid_raises" time="0.002" /><testcase classname="tests.test_vault_and_indexer" name="test_format_context_block_trims_and_groups" time="0.000" /><testcase classname="tests.test_vault_and_indexer" name="test_is_vault_available_returns_bool" time="0.000" /><testcase classname="tests.test_vault_and_indexer" name="test_encrypt_raises_when_no_master_key" time="0.000"><skipped type="pytest.skip" message="vault is configured — skip fail-closed test">/app/backend/tests/test_vault_and_indexer.py:99: vault is configured — skip fail-closed test</skipped></testcase><testcase classname="tests.test_vault_and_indexer" name="test_per_user_keys_differ" time="0.000" /><testcase classname="tests.test_vault_and_indexer" name="test_encrypt_decrypt_roundtrip" time="0.001" /><testcase classname="tests.test_vault_and_indexer" name="test_decrypt_with_wrong_user_fails" time="0.013" /></testsuite></testsuites>