<?xml version="1.0" encoding="utf-8"?><testsuites><testsuite name="pytest" errors="0" failures="0" skipped="0" tests="6" time="3.078" timestamp="2026-05-31T16:35:34.402313+00:00" hostname="agent-env-b532beb8-418a-4207-951d-6457576d5e1f"><testcase classname="tests.test_founder_public_url" name="test_public_founder_signup_unlimited" time="0.459" /><testcase classname="tests.test_founder_public_url" name="test_public_founder_login_promotes_stale" time="0.578" /><testcase classname="tests.test_founder_public_url" name="test_public_founder_never_exhausted" time="0.810" /><testcase classname="tests.test_founder_public_url" name="test_public_admin_me_with_stale_jwt" time="0.499" /><testcase classname="tests.test_founder_public_url" name="test_public_regression_non_founder_402_still_works" time="0.549" /><testcase classname="tests.test_founder_public_url" name="test_cleanup_founder_user" time="0.004" /></testsuite></testsuites>