<?xml version="1.0" encoding="utf-8"?><testsuites><testsuite name="pytest" errors="0" failures="0" skipped="0" tests="13" time="5.402" timestamp="2026-05-31T00:28:00.810372+00:00" hostname="agent-env-b532beb8-418a-4207-951d-6457576d5e1f"><testcase classname="backend.tests.test_aurem_rollback.TestRollbackAuth" name="test_no_auth_returns_401" time="0.216" /><testcase classname="backend.tests.test_aurem_rollback.TestRollbackConfirm" name="test_wrong_confirm_string_returns_400" time="0.659" /><testcase classname="backend.tests.test_aurem_rollback.TestRollbackConfirm" name="test_missing_confirm_field_returns_422_or_400" time="0.099" /><testcase classname="backend.tests.test_aurem_rollback.TestRollbackGuards" name="test_unknown_task_returns_404" time="0.140" /><testcase classname="backend.tests.test_aurem_rollback.TestRollbackGuards" name="test_task_in_queued_status_returns_400" time="0.116" /><testcase classname="backend.tests.test_aurem_rollback.TestRollbackGuards" name="test_done_task_without_commit_sha_returns_400" time="0.157" /><testcase classname="backend.tests.test_aurem_rollback.TestRollbackGuards" name="test_already_rolled_back_returns_409" time="0.108" /><testcase classname="backend.tests.test_aurem_rollback.TestRollbackGuards" name="test_rollback_in_progress_queued_returns_409" time="0.108" /><testcase classname="backend.tests.test_aurem_rollback.TestRollbackGuards" name="test_rollback_in_progress_running_returns_409" time="0.141" /><testcase classname="backend.tests.test_aurem_rollback.TestRollbackGuards" name="test_no_pat_returns_400" time="0.213" /><testcase classname="backend.tests.test_aurem_rollback.TestRollbackHappyPathOrchestration" name="test_queue_then_fail_gracefully" time="2.326" /><testcase classname="backend.tests.test_aurem_rollback.TestSubmitTaskRegression" name="test_submit_task_creates_doc_without_rollback_fields" time="0.379" /><testcase classname="backend.tests.test_aurem_rollback.TestUpdateProjectPreviewURL" name="test_add_then_patch_preview_url" time="0.605" /></testsuite></testsuites>