<?xml version="1.0" encoding="utf-8"?><testsuites><testsuite name="pytest" errors="0" failures="0" skipped="1" tests="16" time="2.302" timestamp="2026-05-31T16:34:58.642556+00:00" hostname="agent-env-b532beb8-418a-4207-951d-6457576d5e1f"><testcase classname="tests.test_truncation_guard" name="test_rejects_placeholders[src/App.jsx-// ... rest of file unchanged ...\n]" time="0.000" /><testcase classname="tests.test_truncation_guard" name="test_rejects_placeholders[backend/main.py-from x import y\n# ... existing imports ...\n]" time="0.000" /><testcase classname="tests.test_truncation_guard" name="test_rejects_placeholders[README.md-Title\n\n... (truncated)\n]" time="0.000" /><testcase classname="tests.test_truncation_guard" name="test_rejects_placeholders[server.go-/* existing code */\nfunc main() {}\n]" time="0.000" /><testcase classname="tests.test_truncation_guard" name="test_rejects_placeholders[a.ts-&lt;keep the rest of the file as is&gt;\nexport {}\n]" time="0.000" /><testcase classname="tests.test_truncation_guard" name="test_rejects_placeholders[b.py-def foo():\n    # rest of file\n    pass\n]" time="0.000" /><testcase classname="tests.test_truncation_guard" name="test_accepts_complete_files[src/App.jsx-import React from 'react'\nexport default function App(){\n  return &lt;h1&gt;hi&lt;/h1&gt;\n}\n]" time="0.000" /><testcase classname="tests.test_truncation_guard" name="test_accepts_complete_files[README.md-# AUREM\nA tagline.\nLast line.\n]" time="0.000" /><testcase classname="tests.test_truncation_guard" name="test_accepts_complete_files[config.json-{\n  &quot;a&quot;: 1\n}\n]" time="0.000" /><testcase classname="tests.test_truncation_guard" name="test_rejects_empty_body" time="0.000" /><testcase classname="tests.test_truncation_guard" name="test_rejects_one_liner_code_file" time="0.000" /><testcase classname="tests.test_founder_and_admin_resilience" name="test_founder_signup_grants_unlimited" time="0.261" /><testcase classname="tests.test_founder_and_admin_resilience" name="test_founder_login_promotes_existing_account" time="0.497" /><testcase classname="tests.test_founder_and_admin_resilience" name="test_founder_never_exhausted_even_with_huge_burn" time="0.546" /><testcase classname="tests.test_founder_and_admin_resilience" name="test_admin_me_works_with_stale_jwt" time="0.292" /><testcase classname="tests.test_founder_and_admin_resilience" name="test_admin_me_rejects_plain_user" time="0.262"><skipped type="pytest.skip" message="test user is admin in this env">/app/backend/tests/test_founder_and_admin_resilience.py:162: test user is admin in this env</skipped></testcase></testsuite></testsuites>