<?xml version="1.0" encoding="utf-8"?><testsuites><testsuite name="pytest" errors="0" failures="0" skipped="0" tests="10" time="4.974" timestamp="2026-05-29T01:19:58.138466+00:00" hostname="agent-env-b532beb8-418a-4207-951d-6457576d5e1f"><testcase classname="backend.tests.test_aurem_backend" name="test_health" time="0.163" /><testcase classname="backend.tests.test_aurem_backend" name="test_stacks_list" time="0.051" /><testcase classname="backend.tests.test_aurem_backend" name="test_signup_creates_user" time="0.276" /><testcase classname="backend.tests.test_aurem_backend" name="test_signup_duplicate_returns_409" time="0.052" /><testcase classname="backend.tests.test_aurem_backend" name="test_login_success" time="0.551" /><testcase classname="backend.tests.test_aurem_backend" name="test_login_bad_password" time="0.274" /><testcase classname="backend.tests.test_aurem_backend" name="test_me_with_token" time="0.067" /><testcase classname="backend.tests.test_aurem_backend" name="test_me_without_token" time="0.045" /><testcase classname="backend.tests.test_aurem_backend" name="test_chat_send_with_auth" time="3.306" /><testcase classname="backend.tests.test_aurem_backend" name="test_chat_send_without_auth" time="0.049" /></testsuite></testsuites>