<?xml version="1.0" encoding="utf-8"?><testsuites><testsuite name="pytest" errors="0" failures="0" skipped="0" tests="4" time="1.032" timestamp="2026-05-31T04:42:54.322851+00:00" hostname="agent-env-b532beb8-418a-4207-951d-6457576d5e1f"><testcase classname="tests.test_token_enforcement" name="test_usage_me_shape" time="0.284" /><testcase classname="tests.test_token_enforcement" name="test_usage_me_unauthorized" time="0.022" /><testcase classname="tests.test_token_enforcement" name="test_submit_402_when_exhausted_and_recovers_after_grant" time="0.306" /><testcase classname="tests.test_token_enforcement" name="test_grant_validation" time="0.285" /></testsuite></testsuites>