<?xml version="1.0" encoding="utf-8"?><testsuites><testsuite name="pytest" errors="0" failures="0" skipped="0" tests="10" time="20.881" timestamp="2026-05-29T01:30:53.432339+00:00" hostname="agent-env-b532beb8-418a-4207-951d-6457576d5e1f"><testcase classname="backend.tests.test_aurem_chat_persistence" name="test_chat_endpoints_require_auth[POST-/chat/send-body0]" time="0.243" /><testcase classname="backend.tests.test_aurem_chat_persistence" name="test_chat_endpoints_require_auth[POST-/chat/stream-body1]" time="0.049" /><testcase classname="backend.tests.test_aurem_chat_persistence" name="test_chat_endpoints_require_auth[GET-/chat/history?session_id=x-None]" time="0.049" /><testcase classname="backend.tests.test_aurem_chat_persistence" name="test_chat_endpoints_require_auth[GET-/chat/sessions-None]" time="0.055" /><testcase classname="backend.tests.test_aurem_chat_persistence" name="test_chat_endpoints_require_auth[DELETE-/chat/sessions/x-None]" time="0.052" /><testcase classname="backend.tests.test_aurem_chat_persistence" name="test_chat_send_persists_and_history_returns" time="3.490" /><testcase classname="backend.tests.test_aurem_chat_persistence" name="test_chat_sessions_lists_recent" time="1.534" /><testcase classname="backend.tests.test_aurem_chat_persistence" name="test_cross_user_isolation" time="7.481" /><testcase classname="backend.tests.test_aurem_chat_persistence" name="test_delete_session_removes_it" time="6.455" /><testcase classname="backend.tests.test_aurem_chat_persistence" name="test_chat_stream_sse" time="1.308" /></testsuite></testsuites>