<?xml version="1.0" encoding="utf-8"?><testsuites><testsuite name="pytest" errors="0" failures="0" skipped="0" tests="12" time="25.570" timestamp="2026-05-30T23:26:38.033626+00:00" hostname="agent-env-b532beb8-418a-4207-951d-6457576d5e1f"><testcase classname="backend.tests.test_aurem_p0_bugs" name="test_bug1_add_project_returns_ok" time="0.501" /><testcase classname="backend.tests.test_aurem_p0_bugs" name="test_bug1_list_excludes_github_token" time="0.048" /><testcase classname="backend.tests.test_aurem_p0_bugs" name="test_bug2_patch_updates_branch_and_tech" time="0.102" /><testcase classname="backend.tests.test_aurem_p0_bugs" name="test_bug2_patch_filters_empty_fields" time="0.047" /><testcase classname="backend.tests.test_aurem_p0_bugs" name="test_bug2_patch_partial_only_one_field" time="0.108" /><testcase classname="backend.tests.test_aurem_p0_bugs" name="test_bug2_patch_404_for_unknown_project" time="0.046" /><testcase classname="backend.tests.test_aurem_p0_bugs" name="test_bug5_chat_send_persists_with_project_id" time="4.769" /><testcase classname="backend.tests.test_aurem_p0_bugs" name="test_bug5_sessions_filtered_by_project_id" time="11.891" /><testcase classname="backend.tests.test_aurem_p0_bugs" name="test_bug4_chat_feedback_up" time="4.025" /><testcase classname="backend.tests.test_aurem_p0_bugs" name="test_bug4_chat_feedback_invalid_vote_rejected" time="3.711" /><testcase classname="backend.tests.test_aurem_p0_bugs" name="test_bug4_chat_feedback_requires_auth" time="0.045" /><testcase classname="backend.tests.test_aurem_p0_bugs" name="test_zzz_cleanup_delete_project" time="0.055" /></testsuite></testsuites>